#
# A fatal error has been detected by the Java Runtime Environment:
#
#  EXCEPTION_ACCESS_VIOLATION (0xc0000005) at pc=0x0000000180005b00, pid=15624, tid=23324
#
# JRE version: OpenJDK Runtime Environment (11.0+28) (build 11+28)
# Java VM: OpenJDK 64-Bit Server VM (11+28, mixed mode, tiered, compressed oops, g1 gc, windows-amd64)
# Problematic frame:
# C  [rxtxSerial.dll+0x5b00]
#
# No core dump will be written. Minidumps are not enabled by default on client versions of Windows
#
# If you would like to submit a bug report, please visit:
#   http://bugreport.java.com/bugreport/crash.jsp
# The crash happened outside the Java Virtual Machine in native code.
# See problematic frame for where to report the bug.
#

---------------  S U M M A R Y ------------

Command Line: -Dfile.encoding=UTF-8 projetapp.Main

Host: Intel(R) Core(TM) i7-8750H CPU @ 2.20GHz, 12 cores, 7G,  Windows 10 , 64 bit Build 17763 (10.0.17763.475)
Time: Wed Jun 26 14:01:07 2019 Paris, Madrid (heure d?été) elapsed time: 1 seconds (0d 0h 0m 1s)

---------------  T H R E A D  ---------------

Current thread (0x0000019d5efe6800):  JavaThread "main" [_thread_in_native, id=23324, stack(0x0000007591900000,0x0000007591a00000)]

Stack: [0x0000007591900000,0x0000007591a00000],  sp=0x00000075919fe8e0,  free space=1018k
Native frames: (J=compiled Java code, j=interpreted, Vv=VM code, C=native code)
C  [rxtxSerial.dll+0x5b00]

Java frames: (J=compiled Java code, j=interpreted, Vv=VM code)
j  gnu.io.RXTXPort.readArray([BII)I+0
j  gnu.io.RXTXPort$SerialInputStream.read([BII)I+212
j  sun.nio.cs.StreamDecoder.readBytes()I+135 java.base@11
j  sun.nio.cs.StreamDecoder.implRead([CII)I+112 java.base@11
j  sun.nio.cs.StreamDecoder.read([CII)I+180 java.base@11
j  java.io.InputStreamReader.read([CII)I+7 java.base@11
j  java.io.BufferedReader.fill()V+145 java.base@11
j  java.io.BufferedReader.readLine(Z)Ljava/lang/String;+44 java.base@11
j  java.io.BufferedReader.readLine()Ljava/lang/String;+2 java.base@11
j  projetapp.Controller.start()V+188
j  projetapp.Main.main([Ljava/lang/String;)V+33
v  ~StubRoutines::call_stub

siginfo: EXCEPTION_ACCESS_VIOLATION (0xc0000005), reading address 0xffffffff92ffe8e8


Register to memory mapping:

RIP=0x0000000180005b00 rxtxSerial.dll
RAX=0x0000000000000001 is an unknown value
RBX=0x0 is NULL
RCX=0x000000018001d4d5 rxtxSerial.dll
RDX=0xfffffffffffff665 is an unknown value
RSP=0x00000075919fe8e0 is pointing into the stack for thread: 0x0000019d5efe6800
RBP=
[error occurred during error reporting (printing register info), id 0xc0000005, EXCEPTION_ACCESS_VIOLATION (0xc0000005) at pc=0x00007ffeed7e3836]

Registers:
RAX=0x0000000000000001, RBX=0x0000000000000000, RCX=0x000000018001d4d5, RDX=0xfffffffffffff665
RSP=0x00000075919fe8e0, RBP=0x00000000ffffffff, RSI=0x0000000000000000, RDI=0x0000019d5efe6b40
R8 =0x0000000000000002, R9 =0xfffffffffffff63c, R10=0x0000000000000034, R11=0x8101010101010100
R12=0xffffffff92ffe8e0, R13=0x0000000000000001, R14=0x00000075919feac8, R15=0x0000000000000000
RIP=0x0000000180005b00, EFLAGS=0x0000000000010202

Top of Stack: (sp=0x00000075919fe8e0)
0x00000075919fe8e0:   0000000000000000 0000000000000000
0x00000075919fe8f0:   0000000000000000 0000019d5efe6b40
0x00000075919fe900:   0000000000000000 00000075919feac8
0x00000075919fe910:   0000019d7f92e568 0000000000000001
0x00000075919fe920:   0000019d5efe6b40 0000000000000001
0x00000075919fe930:   ffffffffffffffff 0000000180006211
0x00000075919fe940:   0000019d7f0132b0 ffffffffffffffff
0x00000075919fe950:   0000000000000001 0000019d7f0132b0
0x00000075919fe960:   0000019d00000001 00007ffeffffffff
0x00000075919fe970:   00000075919fead0 00000075919fead0
0x00000075919fe980:   0000019d7f92e568 0000019d5efe6800
0x00000075919fe990:   0000019d5ce783e0 00007ffeed87ae53
0x00000075919fe9a0:   00000075919ff3a0 00000000000003e1
0x00000075919fe9b0:   00000000000003e1 00002e8f5c75df75
0x00000075919fe9c0:   0000019d7f92e570 0000019d7f92e568
0x00000075919fe9d0:   0000019d5efe6800 00000075919fead0 

Instructions: (pc=0x0000000180005b00)
0x0000000180005ae0:   15 23 7a 01 00 48 8d 48 60 e8 3a 5d 00 00 4c 8b
0x0000000180005af0:   e5 8b ac 24 88 00 00 00 44 8b ac 24 80 00 00 00
0x0000000180005b00:   45 8b 74 24 08 41 89 5c 24 08 41 8b fd 85 ed 78
0x0000000180005b10:   09 ff 15 e9 14 01 00 44 8b f8 45 85 ed 7e 4a 90 



---------------  P R O C E S S  ---------------

Threads class SMR info:
_java_thread_list=0x0000019d7f36b4c0, length=16, elements={
0x0000019d5efe6800, 0x0000019d7df1d800, 0x0000019d7df26800, 0x0000019d7e8b1800,
0x0000019d7e8b2000, 0x0000019d7df33000, 0x0000019d7df3d800, 0x0000019d7df3e800,
0x0000019d7ea10800, 0x0000019d7ea1b800, 0x0000019d7ede1000, 0x0000019d7edb1800,
0x0000019d7edba000, 0x0000019d7f02b800, 0x0000019d7ee2c800, 0x0000019d7ee28000
}

Java Threads: ( => current thread )
=>0x0000019d5efe6800 JavaThread "main" [_thread_in_native, id=23324, stack(0x0000007591900000,0x0000007591a00000)]
  0x0000019d7df1d800 JavaThread "Reference Handler" daemon [_thread_blocked, id=20460, stack(0x0000007592000000,0x0000007592100000)]
  0x0000019d7df26800 JavaThread "Finalizer" daemon [_thread_blocked, id=15328, stack(0x0000007592100000,0x0000007592200000)]
  0x0000019d7e8b1800 JavaThread "Signal Dispatcher" daemon [_thread_blocked, id=19116, stack(0x0000007592200000,0x0000007592300000)]
  0x0000019d7e8b2000 JavaThread "Attach Listener" daemon [_thread_blocked, id=24224, stack(0x0000007592300000,0x0000007592400000)]
  0x0000019d7df33000 JavaThread "C2 CompilerThread0" daemon [_thread_blocked, id=856, stack(0x0000007592400000,0x0000007592500000)]
  0x0000019d7df3d800 JavaThread "C1 CompilerThread0" daemon [_thread_blocked, id=19624, stack(0x0000007592500000,0x0000007592600000)]
  0x0000019d7df3e800 JavaThread "Sweeper thread" daemon [_thread_blocked, id=14644, stack(0x0000007592600000,0x0000007592700000)]
  0x0000019d7ea10800 JavaThread "Service Thread" daemon [_thread_blocked, id=11148, stack(0x0000007592700000,0x0000007592800000)]
  0x0000019d7ea1b800 JavaThread "Common-Cleaner" daemon [_thread_blocked, id=14556, stack(0x0000007592900000,0x0000007592a00000)]
  0x0000019d7ede1000 JavaThread "Java2D Disposer" daemon [_thread_blocked, id=2396, stack(0x0000007592a00000,0x0000007592b00000)]
  0x0000019d7edb1800 JavaThread "AWT-Shutdown" [_thread_blocked, id=21608, stack(0x0000007592b00000,0x0000007592c00000)]
  0x0000019d7edba000 JavaThread "AWT-Windows" daemon [_thread_in_native, id=17308, stack(0x0000007592c00000,0x0000007592d00000)]
  0x0000019d7f02b800 JavaThread "C2 CompilerThread1" daemon [_thread_blocked, id=6240, stack(0x0000007592d00000,0x0000007592e00000)]
  0x0000019d7ee2c800 JavaThread "AWT-EventQueue-0" [_thread_blocked, id=15960, stack(0x0000007592e00000,0x0000007592f00000)]
  0x0000019d7ee28000 JavaThread "Thread-0" [_thread_in_native, id=17492, stack(0x0000007592f00000,0x0000007593000000)]

Other Threads:
  0x0000019d7def9000 VMThread "VM Thread" [stack: 0x0000007591f00000,0x0000007592000000] [id=20412]
  0x0000019d7ea15800 WatcherThread [stack: 0x0000007592800000,0x0000007592900000] [id=16628]
  0x0000019d5effc800 GCTaskThread "GC Thread#0" [stack: 0x0000007591a00000,0x0000007591b00000] [id=14732]
  0x0000019d5f02d800 ConcurrentGCThread "G1 Main Marker" [stack: 0x0000007591b00000,0x0000007591c00000] [id=11676]
  0x0000019d5f030000 ConcurrentGCThread "G1 Conc#0" [stack: 0x0000007591c00000,0x0000007591d00000] [id=23644]
  0x0000019d5f0bb800 ConcurrentGCThread "G1 Refine#0" [stack: 0x0000007591d00000,0x0000007591e00000] [id=296]
  0x0000019d5f0be000 ConcurrentGCThread "G1 Young RemSet Sampling" [stack: 0x0000007591e00000,0x0000007591f00000] [id=15164]

Threads with active compile tasks:

VM state:not at safepoint (normal execution)

VM Mutex/Monitor currently owned by a thread: None

Heap address: 0x0000000083000000, size: 2000 MB, Compressed Oops mode: 32-bit
Narrow klass base: 0x0000000000000000, Narrow klass shift: 3
Compressed class space size: 1073741824 Address: 0x0000000100000000

Heap:
 garbage-first heap   total 129024K, used 16384K [0x0000000083000000, 0x0000000100000000)
  region size 1024K, 12 young (12288K), 0 survivors (0K)
 Metaspace       used 14281K, capacity 14594K, committed 14720K, reserved 1062912K
  class space    used 1482K, capacity 1643K, committed 1664K, reserved 1048576K
Heap Regions: E=young(eden), S=young(survivor), O=old, HS=humongous(starts), HC=humongous(continues), CS=collection set, F=free, A=archive, TAMS=top-at-mark-start (previous, next)
|   0|0x0000000083000000, 0x0000000083100000, 0x0000000083100000|100%|HS|  |TAMS 0x0000000083000000, 0x0000000083000000| Complete 
|   1|0x0000000083100000, 0x0000000083200000, 0x0000000083200000|100%|HC|  |TAMS 0x0000000083100000, 0x0000000083100000| Complete 
|   2|0x0000000083200000, 0x0000000083300000, 0x0000000083300000|100%|HS|  |TAMS 0x0000000083200000, 0x0000000083200000| Complete 
|   3|0x0000000083300000, 0x0000000083400000, 0x0000000083400000|100%|HC|  |TAMS 0x0000000083300000, 0x0000000083300000| Complete 
|   4|0x0000000083400000, 0x0000000083500000, 0x0000000083500000|100%|HC|  |TAMS 0x0000000083400000, 0x0000000083400000| Complete 
|   5|0x0000000083500000, 0x0000000083500000, 0x0000000083600000|  0%| F|  |TAMS 0x0000000083500000, 0x0000000083500000| Untracked 
|   6|0x0000000083600000, 0x0000000083600000, 0x0000000083700000|  0%| F|  |TAMS 0x0000000083600000, 0x0000000083600000| Untracked 
|   7|0x0000000083700000, 0x0000000083700000, 0x0000000083800000|  0%| F|  |TAMS 0x0000000083700000, 0x0000000083700000| Untracked 
|   8|0x0000000083800000, 0x0000000083800000, 0x0000000083900000|  0%| F|  |TAMS 0x0000000083800000, 0x0000000083800000| Untracked 
|   9|0x0000000083900000, 0x0000000083900000, 0x0000000083a00000|  0%| F|  |TAMS 0x0000000083900000, 0x0000000083900000| Untracked 
|  10|0x0000000083a00000, 0x0000000083a00000, 0x0000000083b00000|  0%| F|  |TAMS 0x0000000083a00000, 0x0000000083a00000| Untracked 
|  11|0x0000000083b00000, 0x0000000083b00000, 0x0000000083c00000|  0%| F|  |TAMS 0x0000000083b00000, 0x0000000083b00000| Untracked 
|  12|0x0000000083c00000, 0x0000000083c00000, 0x0000000083d00000|  0%| F|  |TAMS 0x0000000083c00000, 0x0000000083c00000| Untracked 
|  13|0x0000000083d00000, 0x0000000083d00000, 0x0000000083e00000|  0%| F|  |TAMS 0x0000000083d00000, 0x0000000083d00000| Untracked 
|  14|0x0000000083e00000, 0x0000000083e00000, 0x0000000083f00000|  0%| F|  |TAMS 0x0000000083e00000, 0x0000000083e00000| Untracked 
|  15|0x0000000083f00000, 0x0000000083f00000, 0x0000000084000000|  0%| F|  |TAMS 0x0000000083f00000, 0x0000000083f00000| Untracked 
|  16|0x0000000084000000, 0x0000000084000000, 0x0000000084100000|  0%| F|  |TAMS 0x0000000084000000, 0x0000000084000000| Untracked 
|  17|0x0000000084100000, 0x0000000084100000, 0x0000000084200000|  0%| F|  |TAMS 0x0000000084100000, 0x0000000084100000| Untracked 
|  18|0x0000000084200000, 0x0000000084200000, 0x0000000084300000|  0%| F|  |TAMS 0x0000000084200000, 0x0000000084200000| Untracked 
|  19|0x0000000084300000, 0x0000000084300000, 0x0000000084400000|  0%| F|  |TAMS 0x0000000084300000, 0x0000000084300000| Untracked 
|  20|0x0000000084400000, 0x0000000084400000, 0x0000000084500000|  0%| F|  |TAMS 0x0000000084400000, 0x0000000084400000| Untracked 
|  21|0x0000000084500000, 0x0000000084500000, 0x0000000084600000|  0%| F|  |TAMS 0x0000000084500000, 0x0000000084500000| Untracked 
|  22|0x0000000084600000, 0x0000000084600000, 0x0000000084700000|  0%| F|  |TAMS 0x0000000084600000, 0x0000000084600000| Untracked 
|  23|0x0000000084700000, 0x0000000084700000, 0x0000000084800000|  0%| F|  |TAMS 0x0000000084700000, 0x0000000084700000| Untracked 
|  24|0x0000000084800000, 0x0000000084800000, 0x0000000084900000|  0%| F|  |TAMS 0x0000000084800000, 0x0000000084800000| Untracked 
|  25|0x0000000084900000, 0x0000000084900000, 0x0000000084a00000|  0%| F|  |TAMS 0x0000000084900000, 0x0000000084900000| Untracked 
|  26|0x0000000084a00000, 0x0000000084a00000, 0x0000000084b00000|  0%| F|  |TAMS 0x0000000084a00000, 0x0000000084a00000| Untracked 
|  27|0x0000000084b00000, 0x0000000084b00000, 0x0000000084c00000|  0%| F|  |TAMS 0x0000000084b00000, 0x0000000084b00000| Untracked 
|  28|0x0000000084c00000, 0x0000000084c00000, 0x0000000084d00000|  0%| F|  |TAMS 0x0000000084c00000, 0x0000000084c00000| Untracked 
|  29|0x0000000084d00000, 0x0000000084d00000, 0x0000000084e00000|  0%| F|  |TAMS 0x0000000084d00000, 0x0000000084d00000| Untracked 
|  30|0x0000000084e00000, 0x0000000084e00000, 0x0000000084f00000|  0%| F|  |TAMS 0x0000000084e00000, 0x0000000084e00000| Untracked 
|  31|0x0000000084f00000, 0x0000000084f00000, 0x0000000085000000|  0%| F|  |TAMS 0x0000000084f00000, 0x0000000084f00000| Untracked 
|  32|0x0000000085000000, 0x0000000085000000, 0x0000000085100000|  0%| F|  |TAMS 0x0000000085000000, 0x0000000085000000| Untracked 
|  33|0x0000000085100000, 0x0000000085100000, 0x0000000085200000|  0%| F|  |TAMS 0x0000000085100000, 0x0000000085100000| Untracked 
|  34|0x0000000085200000, 0x0000000085200000, 0x0000000085300000|  0%| F|  |TAMS 0x0000000085200000, 0x0000000085200000| Untracked 
|  35|0x0000000085300000, 0x0000000085300000, 0x0000000085400000|  0%| F|  |TAMS 0x0000000085300000, 0x0000000085300000| Untracked 
|  36|0x0000000085400000, 0x0000000085400000, 0x0000000085500000|  0%| F|  |TAMS 0x0000000085400000, 0x0000000085400000| Untracked 
|  37|0x0000000085500000, 0x0000000085500000, 0x0000000085600000|  0%| F|  |TAMS 0x0000000085500000, 0x0000000085500000| Untracked 
|  38|0x0000000085600000, 0x0000000085600000, 0x0000000085700000|  0%| F|  |TAMS 0x0000000085600000, 0x0000000085600000| Untracked 
|  39|0x0000000085700000, 0x0000000085700000, 0x0000000085800000|  0%| F|  |TAMS 0x0000000085700000, 0x0000000085700000| Untracked 
|  40|0x0000000085800000, 0x0000000085800000, 0x0000000085900000|  0%| F|  |TAMS 0x0000000085800000, 0x0000000085800000| Untracked 
|  41|0x0000000085900000, 0x0000000085900000, 0x0000000085a00000|  0%| F|  |TAMS 0x0000000085900000, 0x0000000085900000| Untracked 
|  42|0x0000000085a00000, 0x0000000085a00000, 0x0000000085b00000|  0%| F|  |TAMS 0x0000000085a00000, 0x0000000085a00000| Untracked 
|  43|0x0000000085b00000, 0x0000000085b00000, 0x0000000085c00000|  0%| F|  |TAMS 0x0000000085b00000, 0x0000000085b00000| Untracked 
|  44|0x0000000085c00000, 0x0000000085c00000, 0x0000000085d00000|  0%| F|  |TAMS 0x0000000085c00000, 0x0000000085c00000| Untracked 
|  45|0x0000000085d00000, 0x0000000085d00000, 0x0000000085e00000|  0%| F|  |TAMS 0x0000000085d00000, 0x0000000085d00000| Untracked 
|  46|0x0000000085e00000, 0x0000000085e00000, 0x0000000085f00000|  0%| F|  |TAMS 0x0000000085e00000, 0x0000000085e00000| Untracked 
|  47|0x0000000085f00000, 0x0000000085f00000, 0x0000000086000000|  0%| F|  |TAMS 0x0000000085f00000, 0x0000000085f00000| Untracked 
|  48|0x0000000086000000, 0x0000000086000000, 0x0000000086100000|  0%| F|  |TAMS 0x0000000086000000, 0x0000000086000000| Untracked 
|  49|0x0000000086100000, 0x0000000086100000, 0x0000000086200000|  0%| F|  |TAMS 0x0000000086100000, 0x0000000086100000| Untracked 
|  50|0x0000000086200000, 0x0000000086200000, 0x0000000086300000|  0%| F|  |TAMS 0x0000000086200000, 0x0000000086200000| Untracked 
|  51|0x0000000086300000, 0x0000000086300000, 0x0000000086400000|  0%| F|  |TAMS 0x0000000086300000, 0x0000000086300000| Untracked 
|  52|0x0000000086400000, 0x0000000086400000, 0x0000000086500000|  0%| F|  |TAMS 0x0000000086400000, 0x0000000086400000| Untracked 
|  53|0x0000000086500000, 0x0000000086500000, 0x0000000086600000|  0%| F|  |TAMS 0x0000000086500000, 0x0000000086500000| Untracked 
|  54|0x0000000086600000, 0x0000000086600000, 0x0000000086700000|  0%| F|  |TAMS 0x0000000086600000, 0x0000000086600000| Untracked 
|  55|0x0000000086700000, 0x0000000086700000, 0x0000000086800000|  0%| F|  |TAMS 0x0000000086700000, 0x0000000086700000| Untracked 
|  56|0x0000000086800000, 0x0000000086800000, 0x0000000086900000|  0%| F|  |TAMS 0x0000000086800000, 0x0000000086800000| Untracked 
|  57|0x0000000086900000, 0x0000000086900000, 0x0000000086a00000|  0%| F|  |TAMS 0x0000000086900000, 0x0000000086900000| Untracked 
|  58|0x0000000086a00000, 0x0000000086a00000, 0x0000000086b00000|  0%| F|  |TAMS 0x0000000086a00000, 0x0000000086a00000| Untracked 
|  59|0x0000000086b00000, 0x0000000086b00000, 0x0000000086c00000|  0%| F|  |TAMS 0x0000000086b00000, 0x0000000086b00000| Untracked 
|  60|0x0000000086c00000, 0x0000000086c00000, 0x0000000086d00000|  0%| F|  |TAMS 0x0000000086c00000, 0x0000000086c00000| Untracked 
|  61|0x0000000086d00000, 0x0000000086d00000, 0x0000000086e00000|  0%| F|  |TAMS 0x0000000086d00000, 0x0000000086d00000| Untracked 
|  62|0x0000000086e00000, 0x0000000086e00000, 0x0000000086f00000|  0%| F|  |TAMS 0x0000000086e00000, 0x0000000086e00000| Untracked 
|  63|0x0000000086f00000, 0x0000000086f00000, 0x0000000087000000|  0%| F|  |TAMS 0x0000000086f00000, 0x0000000086f00000| Untracked 
|  64|0x0000000087000000, 0x0000000087000000, 0x0000000087100000|  0%| F|  |TAMS 0x0000000087000000, 0x0000000087000000| Untracked 
|  65|0x0000000087100000, 0x0000000087100000, 0x0000000087200000|  0%| F|  |TAMS 0x0000000087100000, 0x0000000087100000| Untracked 
|  66|0x0000000087200000, 0x0000000087200000, 0x0000000087300000|  0%| F|  |TAMS 0x0000000087200000, 0x0000000087200000| Untracked 
|  67|0x0000000087300000, 0x0000000087300000, 0x0000000087400000|  0%| F|  |TAMS 0x0000000087300000, 0x0000000087300000| Untracked 
|  68|0x0000000087400000, 0x0000000087400000, 0x0000000087500000|  0%| F|  |TAMS 0x0000000087400000, 0x0000000087400000| Untracked 
|  69|0x0000000087500000, 0x0000000087500000, 0x0000000087600000|  0%| F|  |TAMS 0x0000000087500000, 0x0000000087500000| Untracked 
|  70|0x0000000087600000, 0x0000000087600000, 0x0000000087700000|  0%| F|  |TAMS 0x0000000087600000, 0x0000000087600000| Untracked 
|  71|0x0000000087700000, 0x0000000087700000, 0x0000000087800000|  0%| F|  |TAMS 0x0000000087700000, 0x0000000087700000| Untracked 
|  72|0x0000000087800000, 0x0000000087800000, 0x0000000087900000|  0%| F|  |TAMS 0x0000000087800000, 0x0000000087800000| Untracked 
|  73|0x0000000087900000, 0x0000000087900000, 0x0000000087a00000|  0%| F|  |TAMS 0x0000000087900000, 0x0000000087900000| Untracked 
|  74|0x0000000087a00000, 0x0000000087a00000, 0x0000000087b00000|  0%| F|  |TAMS 0x0000000087a00000, 0x0000000087a00000| Untracked 
|  75|0x0000000087b00000, 0x0000000087b00000, 0x0000000087c00000|  0%| F|  |TAMS 0x0000000087b00000, 0x0000000087b00000| Untracked 
|  76|0x0000000087c00000, 0x0000000087c00000, 0x0000000087d00000|  0%| F|  |TAMS 0x0000000087c00000, 0x0000000087c00000| Untracked 
|  77|0x0000000087d00000, 0x0000000087d00000, 0x0000000087e00000|  0%| F|  |TAMS 0x0000000087d00000, 0x0000000087d00000| Untracked 
|  78|0x0000000087e00000, 0x0000000087e00000, 0x0000000087f00000|  0%| F|  |TAMS 0x0000000087e00000, 0x0000000087e00000| Untracked 
|  79|0x0000000087f00000, 0x0000000087f00000, 0x0000000088000000|  0%| F|  |TAMS 0x0000000087f00000, 0x0000000087f00000| Untracked 
|  80|0x0000000088000000, 0x0000000088000000, 0x0000000088100000|  0%| F|  |TAMS 0x0000000088000000, 0x0000000088000000| Untracked 
|  81|0x0000000088100000, 0x0000000088100000, 0x0000000088200000|  0%| F|  |TAMS 0x0000000088100000, 0x0000000088100000| Untracked 
|  82|0x0000000088200000, 0x0000000088200000, 0x0000000088300000|  0%| F|  |TAMS 0x0000000088200000, 0x0000000088200000| Untracked 
|  83|0x0000000088300000, 0x0000000088300000, 0x0000000088400000|  0%| F|  |TAMS 0x0000000088300000, 0x0000000088300000| Untracked 
|  84|0x0000000088400000, 0x0000000088400000, 0x0000000088500000|  0%| F|  |TAMS 0x0000000088400000, 0x0000000088400000| Untracked 
|  85|0x0000000088500000, 0x0000000088500000, 0x0000000088600000|  0%| F|  |TAMS 0x0000000088500000, 0x0000000088500000| Untracked 
|  86|0x0000000088600000, 0x0000000088600000, 0x0000000088700000|  0%| F|  |TAMS 0x0000000088600000, 0x0000000088600000| Untracked 
|  87|0x0000000088700000, 0x0000000088700000, 0x0000000088800000|  0%| F|  |TAMS 0x0000000088700000, 0x0000000088700000| Untracked 
|  88|0x0000000088800000, 0x0000000088800000, 0x0000000088900000|  0%| F|  |TAMS 0x0000000088800000, 0x0000000088800000| Untracked 
|  89|0x0000000088900000, 0x0000000088900000, 0x0000000088a00000|  0%| F|  |TAMS 0x0000000088900000, 0x0000000088900000| Untracked 
|  90|0x0000000088a00000, 0x0000000088a00000, 0x0000000088b00000|  0%| F|  |TAMS 0x0000000088a00000, 0x0000000088a00000| Untracked 
|  91|0x0000000088b00000, 0x0000000088b00000, 0x0000000088c00000|  0%| F|  |TAMS 0x0000000088b00000, 0x0000000088b00000| Untracked 
|  92|0x0000000088c00000, 0x0000000088c00000, 0x0000000088d00000|  0%| F|  |TAMS 0x0000000088c00000, 0x0000000088c00000| Untracked 
|  93|0x0000000088d00000, 0x0000000088d00000, 0x0000000088e00000|  0%| F|  |TAMS 0x0000000088d00000, 0x0000000088d00000| Untracked 
|  94|0x0000000088e00000, 0x0000000088e00000, 0x0000000088f00000|  0%| F|  |TAMS 0x0000000088e00000, 0x0000000088e00000| Untracked 
|  95|0x0000000088f00000, 0x0000000088f00000, 0x0000000089000000|  0%| F|  |TAMS 0x0000000088f00000, 0x0000000088f00000| Untracked 
|  96|0x0000000089000000, 0x0000000089000000, 0x0000000089100000|  0%| F|  |TAMS 0x0000000089000000, 0x0000000089000000| Untracked 
|  97|0x0000000089100000, 0x0000000089100000, 0x0000000089200000|  0%| F|  |TAMS 0x0000000089100000, 0x0000000089100000| Untracked 
|  98|0x0000000089200000, 0x0000000089200000, 0x0000000089300000|  0%| F|  |TAMS 0x0000000089200000, 0x0000000089200000| Untracked 
|  99|0x0000000089300000, 0x0000000089300000, 0x0000000089400000|  0%| F|  |TAMS 0x0000000089300000, 0x0000000089300000| Untracked 
| 100|0x0000000089400000, 0x0000000089400000, 0x0000000089500000|  0%| F|  |TAMS 0x0000000089400000, 0x0000000089400000| Untracked 
| 101|0x0000000089500000, 0x0000000089500000, 0x0000000089600000|  0%| F|  |TAMS 0x0000000089500000, 0x0000000089500000| Untracked 
| 102|0x0000000089600000, 0x0000000089600000, 0x0000000089700000|  0%| F|  |TAMS 0x0000000089600000, 0x0000000089600000| Untracked 
| 103|0x0000000089700000, 0x0000000089700000, 0x0000000089800000|  0%| F|  |TAMS 0x0000000089700000, 0x0000000089700000| Untracked 
| 104|0x0000000089800000, 0x0000000089800000, 0x0000000089900000|  0%| F|  |TAMS 0x0000000089800000, 0x0000000089800000| Untracked 
| 105|0x0000000089900000, 0x0000000089900000, 0x0000000089a00000|  0%| F|  |TAMS 0x0000000089900000, 0x0000000089900000| Untracked 
| 106|0x0000000089a00000, 0x0000000089a00000, 0x0000000089b00000|  0%| F|  |TAMS 0x0000000089a00000, 0x0000000089a00000| Untracked 
| 107|0x0000000089b00000, 0x0000000089b00000, 0x0000000089c00000|  0%| F|  |TAMS 0x0000000089b00000, 0x0000000089b00000| Untracked 
| 108|0x0000000089c00000, 0x0000000089c00000, 0x0000000089d00000|  0%| F|  |TAMS 0x0000000089c00000, 0x0000000089c00000| Untracked 
| 109|0x0000000089d00000, 0x0000000089d00000, 0x0000000089e00000|  0%| F|  |TAMS 0x0000000089d00000, 0x0000000089d00000| Untracked 
| 110|0x0000000089e00000, 0x0000000089e00000, 0x0000000089f00000|  0%| F|  |TAMS 0x0000000089e00000, 0x0000000089e00000| Untracked 
| 111|0x0000000089f00000, 0x0000000089f00000, 0x000000008a000000|  0%| F|  |TAMS 0x0000000089f00000, 0x0000000089f00000| Untracked 
| 112|0x000000008a000000, 0x000000008a000000, 0x000000008a100000|  0%| F|  |TAMS 0x000000008a000000, 0x000000008a000000| Untracked 
| 113|0x000000008a100000, 0x000000008a100000, 0x000000008a200000|  0%| F|  |TAMS 0x000000008a100000, 0x000000008a100000| Untracked 
| 114|0x000000008a200000, 0x000000008a2f6450, 0x000000008a300000| 96%| E|  |TAMS 0x000000008a200000, 0x000000008a200000| Complete 
| 115|0x000000008a300000, 0x000000008a400000, 0x000000008a400000|100%| E|CS|TAMS 0x000000008a300000, 0x000000008a300000| Complete 
| 116|0x000000008a400000, 0x000000008a500000, 0x000000008a500000|100%| E|CS|TAMS 0x000000008a400000, 0x000000008a400000| Complete 
| 117|0x000000008a500000, 0x000000008a600000, 0x000000008a600000|100%| E|CS|TAMS 0x000000008a500000, 0x000000008a500000| Complete 
| 118|0x000000008a600000, 0x000000008a700000, 0x000000008a700000|100%| E|CS|TAMS 0x000000008a600000, 0x000000008a600000| Complete 
| 119|0x000000008a700000, 0x000000008a800000, 0x000000008a800000|100%| E|CS|TAMS 0x000000008a700000, 0x000000008a700000| Complete 
| 120|0x000000008a800000, 0x000000008a900000, 0x000000008a900000|100%| E|CS|TAMS 0x000000008a800000, 0x000000008a800000| Complete 
| 121|0x000000008a900000, 0x000000008aa00000, 0x000000008aa00000|100%| E|CS|TAMS 0x000000008a900000, 0x000000008a900000| Complete 
| 122|0x000000008aa00000, 0x000000008ab00000, 0x000000008ab00000|100%| E|CS|TAMS 0x000000008aa00000, 0x000000008aa00000| Complete 
| 123|0x000000008ab00000, 0x000000008ac00000, 0x000000008ac00000|100%| E|CS|TAMS 0x000000008ab00000, 0x000000008ab00000| Complete 
| 124|0x000000008ac00000, 0x000000008ad00000, 0x000000008ad00000|100%| E|CS|TAMS 0x000000008ac00000, 0x000000008ac00000| Complete 
| 125|0x000000008ad00000, 0x000000008ae00000, 0x000000008ae00000|100%| E|CS|TAMS 0x000000008ad00000, 0x000000008ad00000| Complete 

Card table byte_map: [0x0000019d76c40000,0x0000019d77030000] _byte_map_base: 0x0000019d76828000

Marking Bits (Prev, Next): (CMBitMap*) 0x0000019d5f025078, (CMBitMap*) 0x0000019d5f0250b0
 Prev Bits: [0x0000019d77420000, 0x0000019d79360000)
 Next Bits: [0x0000019d79360000, 0x0000019d7b2a0000)

Polling page: 0x0000019d5ce10000

Metaspace:

Usage:
  Non-class:     12.65 MB capacity,    12.50 MB ( 99%) used,   111.59 KB ( <1%) free+waste,    40.13 KB ( <1%) overhead. 
      Class:      1.60 MB capacity,     1.45 MB ( 90%) used,   138.90 KB (  8%) free+waste,    22.06 KB (  1%) overhead. 
       Both:     14.25 MB capacity,    13.95 MB ( 98%) used,   250.48 KB (  2%) free+waste,    62.19 KB ( <1%) overhead. 

Virtual space:
  Non-class space:       14.00 MB reserved,      12.75 MB ( 91%) committed 
      Class space:        1.00 GB reserved,       1.63 MB ( <1%) committed 
             Both:        1.01 GB reserved,      14.38 MB (  1%) committed 

Chunk freelists:
   Non-Class:  5.13 KB
       Class:  2.63 KB
        Both:  7.75 KB

CodeHeap 'non-profiled nmethods': size=120000Kb used=310Kb max_used=310Kb free=119690Kb
 bounds [0x0000019d6edc0000, 0x0000019d6f030000, 0x0000019d762f0000]
CodeHeap 'profiled nmethods': size=120000Kb used=1515Kb max_used=1515Kb free=118484Kb
 bounds [0x0000019d67890000, 0x0000019d67b00000, 0x0000019d6edc0000]
CodeHeap 'non-nmethods': size=5760Kb used=1188Kb max_used=1222Kb free=4571Kb
 bounds [0x0000019d672f0000, 0x0000019d67560000, 0x0000019d67890000]
 total_blobs=1604 nmethods=889 adapters=458
 compilation: enabled
              stopped_count=0, restarted_count=0
 full_count=0

Compilation events (10 events):
Event: 1.249 Thread 0x0000019d7df3d800 nmethod 885 0x0000019d67a09210 code [0x0000019d67a09460, 0x0000019d67a0a2b0]
Event: 1.249 Thread 0x0000019d7df3d800  883       1       java.util.concurrent.locks.AbstractQueuedSynchronizer::getState (5 bytes)
Event: 1.249 Thread 0x0000019d7df3d800 nmethod 883 0x0000019d6ee0c890 code [0x0000019d6ee0ca40, 0x0000019d6ee0cb58]
Event: 1.249 Thread 0x0000019d7df3d800  881       3       java.io.File::isInvalid (47 bytes)
Event: 1.249 Thread 0x0000019d7df3d800 nmethod 881 0x0000019d67a0a610 code [0x0000019d67a0a820, 0x0000019d67a0ad80]
Event: 1.249 Thread 0x0000019d7df3d800  886       1       java.util.concurrent.locks.AbstractOwnableSynchronizer::setExclusiveOwnerThread (6 bytes)
Event: 1.250 Thread 0x0000019d7df3d800 nmethod 886 0x0000019d6ee0cc10 code [0x0000019d6ee0cdc0, 0x0000019d6ee0cf18]
Event: 1.250 Thread 0x0000019d7df3d800  878       1       java.security.ProtectionDomain::getCodeSource (5 bytes)
Event: 1.250 Thread 0x0000019d7df3d800 nmethod 878 0x0000019d6ee0cf90 code [0x0000019d6ee0d140, 0x0000019d6ee0d258]
Event: 1.250 Thread 0x0000019d7df33000 nmethod 887 0x0000019d6ee0d310 code [0x0000019d6ee0d4c0, 0x0000019d6ee0d658]

GC Heap History (0 events):
No events

Deoptimization events (4 events):
Event: 0.145 Thread 0x0000019d5efe6800 Uncommon trap: reason=unstable_if action=reinterpret pc=0x0000019d6edc4ef4 method=java.lang.String.hashCode()I @ 14 c2
Event: 0.784 Thread 0x0000019d5efe6800 Uncommon trap: reason=unstable_if action=reinterpret pc=0x0000019d6ede61b4 method=com.sun.imageio.plugins.png.PNGImageReader.paethPredictor(III)I @ 41 c2
Event: 0.835 Thread 0x0000019d5efe6800 Uncommon trap: reason=unstable_if action=reinterpret pc=0x0000019d6edeb424 method=sun.awt.image.ByteInterleavedRaster.putByteData(IIII[B)V @ 395 c2
Event: 1.208 Thread 0x0000019d5efe6800 Uncommon trap: reason=unstable_if action=reinterpret pc=0x0000019d6ee08038 method=java.lang.AbstractStringBuilder.append(Ljava/lang/String;)Ljava/lang/AbstractStringBuilder; @ 1 c2

Classes redefined (0 events):
No events

Internal exceptions (10 events):
Event: 1.051 Thread 0x0000019d5efe6800 Exception <a 'java/lang/NoSuchMethodError'{0x000000008a5ff4f0}: java.lang.invoke.DirectMethodHandle$Holder.invokeStaticInit(Ljava/lang/Object;)V> (0x000000008a5ff4f0) thrown at [t:/workspace/open/src/hotspot/share/interpreter/linkResolver.cpp, line 772]
Event: 1.095 Thread 0x0000019d5efe6800 Exception <a 'java/lang/NoSuchMethodError'{0x000000008a3404f8}: java.lang.invoke.DirectMethodHandle$Holder.invokeStatic(Ljava/lang/Object;Ljava/lang/Object;Ljava/lang/Object;Ljava/lang/Object;Ljava/lang/Object;Ljava/lang/Object;Ljava/lang/Object;Ljava/lan
Event: 1.097 Thread 0x0000019d5efe6800 Exception <a 'java/lang/NoSuchMethodError'{0x000000008a35e6f8}: java.lang.invoke.DirectMethodHandle$Holder.invokeStatic(Ljava/lang/Object;Ljava/lang/Object;Ljava/lang/Object;Ljava/lang/Object;Ljava/lang/Object;Ljava/lang/Object;Ljava/lang/Object;Ljava/lan
Event: 1.099 Thread 0x0000019d5efe6800 Exception <a 'java/lang/NoSuchMethodError'{0x000000008a37d8c8}: java.lang.invoke.DirectMethodHandle$Holder.invokeStatic(Ljava/lang/Object;Ljava/lang/Object;Ljava/lang/Object;Ljava/lang/Object;Ljava/lang/Object;Ljava/lang/Object;Ljava/lang/Object;Ljava/lan
Event: 1.100 Thread 0x0000019d5efe6800 Exception <a 'java/lang/NoSuchMethodError'{0x000000008a389878}: java.lang.invoke.Invokers$Holder.linkToTargetMethod(Ljava/lang/Object;ILjava/lang/Object;)Ljava/lang/Object;> (0x000000008a389878) thrown at [t:/workspace/open/src/hotspot/share/interpreter/l
Event: 1.208 Thread 0x0000019d5efe6800 Implicit null exception at 0x0000019d6ee07af4 to 0x0000019d6ee08022
Event: 1.208 Thread 0x0000019d5efe6800 Exception <a 'java/io/FileNotFoundException'{0x000000008a3dd450}> (0x000000008a3dd450) thrown at [t:/workspace/open/src/hotspot/share/prims/jni.cpp, line 615]
Event: 1.214 Thread 0x0000019d5efe6800 Exception <a 'java/io/FileNotFoundException'{0x000000008a3ef0a8}> (0x000000008a3ef0a8) thrown at [t:/workspace/open/src/hotspot/share/prims/jni.cpp, line 615]
Event: 1.215 Thread 0x0000019d5efe6800 Exception <a 'java/io/FileNotFoundException'{0x000000008a3fd6e0}> (0x000000008a3fd6e0) thrown at [t:/workspace/open/src/hotspot/share/prims/jni.cpp, line 615]
Event: 1.220 Thread 0x0000019d5efe6800 Exception <a 'java/io/FileNotFoundException'{0x000000008a20f258}> (0x000000008a20f258) thrown at [t:/workspace/open/src/hotspot/share/prims/jni.cpp, line 615]

Events (10 events):
Event: 1.242 loading class javax/swing/Scrollable done
Event: 1.242 loading class javax/swing/text/JTextComponent done
Event: 1.245 loading class java/awt/event/MouseWheelEvent
Event: 1.245 loading class java/awt/event/MouseWheelEvent done
Event: 1.248 loading class java/io/BufferedReader
Event: 1.248 loading class java/io/BufferedReader done
Event: 1.248 loading class sun/nio/cs/StreamDecoder
Event: 1.249 loading class sun/nio/cs/StreamDecoder done
Event: 1.249 loading class sun/nio/cs/UTF_8$Decoder
Event: 1.249 loading class sun/nio/cs/UTF_8$Decoder done


Dynamic libraries:
0x00007ff64fdf0000 - 0x00007ff64fe35000 	C:\Program Files\Java\jdk-11\bin\javaw.exe
0x00007fff4a840000 - 0x00007fff4aa2d000 	C:\WINDOWS\SYSTEM32\ntdll.dll
0x00007fff498e0000 - 0x00007fff49993000 	C:\WINDOWS\System32\KERNEL32.DLL
0x00007fff475b0000 - 0x00007fff47843000 	C:\WINDOWS\System32\KERNELBASE.dll
0x00007fff4a670000 - 0x00007fff4a807000 	C:\WINDOWS\System32\USER32.dll
0x00007fff47260000 - 0x00007fff47280000 	C:\WINDOWS\System32\win32u.dll
0x00007fff4a2a0000 - 0x00007fff4a2c9000 	C:\WINDOWS\System32\GDI32.dll
0x00007fff478d0000 - 0x00007fff47a6a000 	C:\WINDOWS\System32\gdi32full.dll
0x00007fff46910000 - 0x00007fff469b0000 	C:\WINDOWS\System32\msvcp_win.dll
0x00007fff47460000 - 0x00007fff4755a000 	C:\WINDOWS\System32\ucrtbase.dll
0x00007fff2dc50000 - 0x00007fff2dec9000 	C:\WINDOWS\WinSxS\amd64_microsoft.windows.common-controls_6595b64144ccf1df_6.0.17763.557_none_05b63f68071e5b9f\COMCTL32.dll
0x00007fff4a2d0000 - 0x00007fff4a36e000 	C:\WINDOWS\System32\msvcrt.dll
0x00007fff49a00000 - 0x00007fff49d2c000 	C:\WINDOWS\System32\combase.dll
0x00007fff47a70000 - 0x00007fff47b92000 	C:\WINDOWS\System32\RPCRT4.dll
0x00007fff46a90000 - 0x00007fff46b0e000 	C:\WINDOWS\System32\bcryptPrimitives.dll
0x00007fff492d0000 - 0x00007fff492fe000 	C:\WINDOWS\System32\IMM32.DLL
0x00007fff40ad0000 - 0x00007fff40ae6000 	C:\Program Files\Java\jdk-11\bin\vcruntime140.dll
0x00007fff04690000 - 0x00007fff0473a000 	C:\Program Files\Java\jdk-11\bin\msvcp140.dll
0x00007ffeed4f0000 - 0x00007ffeee031000 	C:\Program Files\Java\jdk-11\bin\server\jvm.dll
0x00007fff49df0000 - 0x00007fff49e93000 	C:\WINDOWS\System32\ADVAPI32.dll
0x00007fff49110000 - 0x00007fff491ae000 	C:\WINDOWS\System32\sechost.dll
0x00007fff491b0000 - 0x00007fff491b8000 	C:\WINDOWS\System32\PSAPI.DLL
0x00007fff24aa0000 - 0x00007fff24aa9000 	C:\WINDOWS\SYSTEM32\WSOCK32.dll
0x00007fff429f0000 - 0x00007fff42a14000 	C:\WINDOWS\SYSTEM32\WINMM.dll
0x00007fff402f0000 - 0x00007fff402fa000 	C:\WINDOWS\SYSTEM32\VERSION.dll
0x00007fff4a4d0000 - 0x00007fff4a53d000 	C:\WINDOWS\System32\WS2_32.dll
0x00007fff42770000 - 0x00007fff4279d000 	C:\WINDOWS\SYSTEM32\WINMMBASE.dll
0x00007fff47560000 - 0x00007fff475aa000 	C:\WINDOWS\System32\cfgmgr32.dll
0x00007fff46840000 - 0x00007fff46851000 	C:\WINDOWS\System32\kernel.appcore.dll
0x00007fff30fb0000 - 0x00007fff30fc1000 	C:\Program Files\Java\jdk-11\bin\verify.dll
0x00007fff45250000 - 0x00007fff4543d000 	C:\WINDOWS\SYSTEM32\DBGHELP.DLL
0x00007fff20cb0000 - 0x00007fff20cda000 	C:\WINDOWS\SYSTEM32\dbgcore.DLL
0x00007fff173d0000 - 0x00007fff173f8000 	C:\Program Files\Java\jdk-11\bin\java.dll
0x00007fff2c3f0000 - 0x00007fff2c406000 	C:\Program Files\Java\jdk-11\bin\zip.dll
0x00007fff3cf80000 - 0x00007fff3cf8a000 	C:\Program Files\Java\jdk-11\bin\jimage.dll
0x00007fff47ba0000 - 0x00007fff49090000 	C:\WINDOWS\System32\SHELL32.dll
0x00007fff49d30000 - 0x00007fff49dd8000 	C:\WINDOWS\System32\shcore.dll
0x00007fff46b10000 - 0x00007fff4725a000 	C:\WINDOWS\System32\windows.storage.dll
0x00007fff468c0000 - 0x00007fff468e4000 	C:\WINDOWS\System32\profapi.dll
0x00007fff46860000 - 0x00007fff468bd000 	C:\WINDOWS\System32\powrprof.dll
0x00007fff4a1c0000 - 0x00007fff4a212000 	C:\WINDOWS\System32\shlwapi.dll
0x00007fff478b0000 - 0x00007fff478c7000 	C:\WINDOWS\System32\cryptsp.dll
0x00007fff2a8d0000 - 0x00007fff2a8e9000 	C:\Program Files\Java\jdk-11\bin\net.dll
0x00007fff38120000 - 0x00007fff38211000 	C:\WINDOWS\SYSTEM32\WINHTTP.dll
0x00007fff460c0000 - 0x00007fff46127000 	C:\WINDOWS\system32\mswsock.dll
0x00007fff16ce0000 - 0x00007fff16cf3000 	C:\Program Files\Java\jdk-11\bin\nio.dll
0x00007fff00090000 - 0x00007fff0022e000 	C:\Program Files\Java\jdk-11\bin\awt.dll
0x00007fff4a370000 - 0x00007fff4a434000 	C:\WINDOWS\System32\OLEAUT32.dll
0x00007fff43a60000 - 0x00007fff4401e000 	C:\WINDOWS\SYSTEM32\d2d1.dll
0x00007fff44860000 - 0x00007fff448ec000 	C:\WINDOWS\SYSTEM32\apphelp.dll
0x00007fff45c80000 - 0x00007fff45cb3000 	C:\WINDOWS\system32\rsaenh.dll
0x00007fff469b0000 - 0x00007fff469d6000 	C:\WINDOWS\System32\bcrypt.dll
0x00007fff46770000 - 0x00007fff46798000 	C:\WINDOWS\SYSTEM32\USERENV.dll
0x00007fff46290000 - 0x00007fff4629c000 	C:\WINDOWS\SYSTEM32\CRYPTBASE.dll
0x00007fff45e20000 - 0x00007fff45e5d000 	C:\WINDOWS\SYSTEM32\IPHLPAPI.DLL
0x00007fff4a4c0000 - 0x00007fff4a4c8000 	C:\WINDOWS\System32\NSI.dll
0x00007fff432e0000 - 0x00007fff432f6000 	C:\WINDOWS\SYSTEM32\dhcpcsvc6.DLL
0x00007fff432c0000 - 0x00007fff432dc000 	C:\WINDOWS\SYSTEM32\dhcpcsvc.DLL
0x00007fff45e60000 - 0x00007fff45f26000 	C:\WINDOWS\SYSTEM32\DNSAPI.dll
0x00007fff44dd0000 - 0x00007fff44dfe000 	C:\WINDOWS\system32\DWMAPI.DLL
0x00007fff47280000 - 0x00007fff4745b000 	C:\WINDOWS\System32\CRYPT32.dll
0x00007fff468f0000 - 0x00007fff46902000 	C:\WINDOWS\System32\MSASN1.dll
0x00007fff44af0000 - 0x00007fff44b8c000 	C:\WINDOWS\system32\uxtheme.dll
0x00007fff2d430000 - 0x00007fff2d557000 	C:\WINDOWS\system32\opengl32.dll
0x00007fff3ef20000 - 0x00007fff3ef4c000 	C:\WINDOWS\SYSTEM32\GLU32.dll
0x00007fff49ea0000 - 0x00007fff4a00b000 	C:\WINDOWS\System32\MSCTF.dll
0x00007fff49300000 - 0x00007fff49455000 	C:\WINDOWS\System32\ole32.dll
0x00007fff03850000 - 0x00007fff038d0000 	C:\Program Files\Java\jdk-11\bin\freetype.dll
0x00007fff0d610000 - 0x00007fff0d67f000 	C:\Program Files\Java\jdk-11\bin\fontmanager.dll
0x00007fff30670000 - 0x00007fff30705000 	C:\WINDOWS\System32\TextInputFramework.dll
0x00007fff41040000 - 0x00007fff41362000 	C:\WINDOWS\System32\CoreUIComponents.dll
0x00007fff445c0000 - 0x00007fff446a2000 	C:\WINDOWS\System32\CoreMessaging.dll
0x00007fff45900000 - 0x00007fff45931000 	C:\WINDOWS\SYSTEM32\ntmarta.dll
0x00007fff416f0000 - 0x00007fff41843000 	C:\WINDOWS\SYSTEM32\wintypes.dll
0x0000000180000000 - 0x0000000180025000 	C:\Program Files\Java\jdk-11\bin\rxtxSerial.dll

dbghelp: loaded successfully - version: 4.0.5 - missing functions: none
symbol engine: initialized successfully - sym options: 0x614 - pdb path: .;C:\Program Files\Java\jdk-11\bin;C:\WINDOWS\SYSTEM32;C:\WINDOWS\WinSxS\amd64_microsoft.windows.common-controls_6595b64144ccf1df_6.0.17763.557_none_05b63f68071e5b9f;C:\Program Files\Java\jdk-11\bin\server

VM Arguments:
jvm_args: -Dfile.encoding=UTF-8 
java_command: projetapp.Main
java_class_path (initial): C:\Users\Florian\git\ProjetApp\main\target\classes;C:\Users\Florian\git\ProjetApp\controller\target\classes;C:\Users\Florian\git\ProjetApp\contract\target\classes;C:\Users\Florian\git\ProjetApp\view\target\classes;C:\Users\Florian\git\ProjetApp\model\target\classes;C:\Users\Florian\.m2\repository\org\rxtx\rxtx\2.2pre2\rxtx-2.2pre2.jar
Launcher Type: SUN_STANDARD

[Global flags]
     intx CICompilerCount                          = 4                                         {product} {ergonomic}
     uint ConcGCThreads                            = 3                                         {product} {ergonomic}
     uint G1ConcRefinementThreads                  = 10                                        {product} {ergonomic}
   size_t G1HeapRegionSize                         = 1048576                                   {product} {ergonomic}
    uintx GCDrainStackTargetSize                   = 64                                        {product} {ergonomic}
   size_t InitialHeapSize                          = 132120576                                 {product} {ergonomic}
   size_t MarkStackSize                            = 4194304                                   {product} {ergonomic}
   size_t MaxHeapSize                              = 2097152000                                {product} {ergonomic}
   size_t MaxNewSize                               = 1258291200                                {product} {ergonomic}
   size_t MinHeapDeltaBytes                        = 1048576                                   {product} {ergonomic}
    uintx NonNMethodCodeHeapSize                   = 5835340                                {pd product} {ergonomic}
    uintx NonProfiledCodeHeapSize                  = 122911450                              {pd product} {ergonomic}
    uintx ProfiledCodeHeapSize                     = 122911450                              {pd product} {ergonomic}
    uintx ReservedCodeCacheSize                    = 251658240                              {pd product} {ergonomic}
     bool SegmentedCodeCache                       = true                                      {product} {ergonomic}
     bool UseCompressedClassPointers               = true                                 {lp64_product} {ergonomic}
     bool UseCompressedOops                        = true                                 {lp64_product} {ergonomic}
     bool UseG1GC                                  = true                                      {product} {ergonomic}
     bool UseLargePagesIndividualAllocation        = false                                  {pd product} {ergonomic}

Logging:
Log output configuration:
 #0: stdout all=warning uptime,level,tags
 #1: stderr all=off uptime,level,tags

Environment Variables:
JAVA_HOME=C:\Program Files\Java\jdk-11
PATH=C:/Program Files/Java/jdk-11/bin/server;C:/Program Files/Java/jdk-11/bin;C:\Program Files (x86)\Intel\Intel(R) Management Engine Components\iCLS\;C:\Program Files\Intel\Intel(R) Management Engine Components\iCLS\;C:\windows\system32;C:\windows;C:\windows\System32\Wbem;C:\windows\System32\WindowsPowerShell\v1.0\;C:\Program Files (x86)\NVIDIA Corporation\PhysX\Common;C:\WINDOWS\system32;C:\WINDOWS;C:\WINDOWS\System32\Wbem;C:\WINDOWS\System32\WindowsPowerShell\v1.0\;C:\WINDOWS\System32\OpenSSH\;C:\Program Files\NVIDIA Corporation\NVIDIA NvDLISR;C:\WINDOWS\system32;C:\WINDOWS;C:\WINDOWS\System32\Wbem;C:\WINDOWS\System32\WindowsPowerShell\v1.0\;C:\WINDOWS\System32\OpenSSH\;C:\Program Files\Intel\WiFi\bin\;C:\Program Files\Common Files\Intel\WirelessCommon\;D:\Program Files (x86)\Git\cmd;C:\Program Files\Java\jdk-11\bin\;C:\Program Files\Java\maven\apache-maven-3.6.1\bin;C:\Users\Florian\AppData\Local\Microsoft\WindowsApps;C:\Users\Florian\AppData\Local\Microsoft\WindowsApps;C:\Program Files\Intel\WiFi\bin\;C:\Program Files\Common Files\Intel\WirelessCommon\;C:\Users\Florian\AppData\Local\atom\bin;C:\Program Files\Java\maven\apache-maven-3.6.1\bin;C:\Users\Florian\AppData\Local\GitHubDesktop\bin;C:\WINDOWS\System32;
USERNAME=Florian
OS=Windows_NT
PROCESSOR_IDENTIFIER=Intel64 Family 6 Model 158 Stepping 10, GenuineIntel



---------------  S Y S T E M  ---------------

OS: Windows 10 , 64 bit Build 17763 (10.0.17763.475)

CPU:total 12 (initial active 12) (6 cores per cpu, 2 threads per core) family 6 model 158 stepping 10, cmov, cx8, fxsr, mmx, sse, sse2, sse3, ssse3, sse4.1, sse4.2, popcnt, avx, avx2, aes, clmul, erms, 3dnowpref, lzcnt, ht, tsc, tscinvbit, bmi1, bmi2, adx, fma

Memory: 4k page, system-wide physical 7999M (1553M free)
TotalPageFile size 14655M (AvailPageFile size 4164M)
current process WorkingSet (physical memory assigned to process): 75M, peak: 75M
current process commit charge ("private bytes"): 229M, peak: 230M

vm_info: OpenJDK 64-Bit Server VM (11+28) for windows-amd64 JRE (11+28), built on Aug 23 2018 03:04:58 by "mach5one" with MS VC++ 15.5 (VS2017)

END.
