#
# A fatal error has been detected by the Java Runtime Environment:
#
#  EXCEPTION_ACCESS_VIOLATION (0xc0000005) at pc=0x0000000180003990, pid=19000, tid=11576
#
# JRE version: OpenJDK Runtime Environment (11.0+28) (build 11+28)
# Java VM: OpenJDK 64-Bit Server VM (11+28, mixed mode, tiered, compressed oops, g1 gc, windows-amd64)
# Problematic frame:
# C  [rxtxSerial.dll+0x3990]
#
# No core dump will be written. Minidumps are not enabled by default on client versions of Windows
#
# If you would like to submit a bug report, please visit:
#   http://bugreport.java.com/bugreport/crash.jsp
# The crash happened outside the Java Virtual Machine in native code.
# See problematic frame for where to report the bug.
#

---------------  S U M M A R Y ------------

Command Line: -Dfile.encoding=UTF-8 projetapp.Main

Host: Intel(R) Core(TM) i7-8750H CPU @ 2.20GHz, 12 cores, 7G,  Windows 10 , 64 bit Build 17763 (10.0.17763.475)
Time: Wed Jun 26 16:32:25 2019 Paris, Madrid (heure d?été) elapsed time: 0 seconds (0d 0h 0m 0s)

---------------  T H R E A D  ---------------

Current thread (0x000002642ff54000):  JavaThread "main" [_thread_in_native, id=11576, stack(0x000000f8ff800000,0x000000f8ff900000)]

Stack: [0x000000f8ff800000,0x000000f8ff900000],  sp=0x000000f8ff8fe8d0,  free space=1018k
Native frames: (J=compiled Java code, j=interpreted, Vv=VM code, C=native code)
C  [rxtxSerial.dll+0x3990]

Java frames: (J=compiled Java code, j=interpreted, Vv=VM code)
j  gnu.io.RXTXPort.readArray([BII)I+0
j  gnu.io.RXTXPort$SerialInputStream.read([BII)I+212
j  sun.nio.cs.StreamDecoder.readBytes()I+135 java.base@11
j  sun.nio.cs.StreamDecoder.implRead([CII)I+112 java.base@11
j  sun.nio.cs.StreamDecoder.read([CII)I+180 java.base@11
j  java.io.InputStreamReader.read([CII)I+7 java.base@11
j  java.io.BufferedReader.fill()V+145 java.base@11
j  java.io.BufferedReader.readLine(Z)Ljava/lang/String;+44 java.base@11
j  java.io.BufferedReader.readLine()Ljava/lang/String;+2 java.base@11
j  projetapp.Controller.start()V+181
j  projetapp.Main.main([Ljava/lang/String;)V+33
v  ~StubRoutines::call_stub

siginfo: EXCEPTION_ACCESS_VIOLATION (0xc0000005), reading address 0xffffffff80efe9c8


Register to memory mapping:

RIP=0x0000000180003990 rxtxSerial.dll
RAX=0x0000000080efe9c0 is an unknown value
RBX=0x0 is NULL
RCX=0x000000018001d4d5 rxtxSerial.dll
RDX=0xfffffffffffff665 is an unknown value
RSP=0x000000f8ff8fe8d0 is pointing into the stack for thread: 0x000002642ff54000
RBP=
[error occurred during error reporting (printing register info), id 0xc0000005, EXCEPTION_ACCESS_VIOLATION (0xc0000005) at pc=0x00007ffee56d3836]

Registers:
RAX=0x0000000080efe9c0, RBX=0x0000000000000000, RCX=0x000000018001d4d5, RDX=0xfffffffffffff665
RSP=0x000000f8ff8fe8d0, RBP=0x00000000ffffffff, RSI=0x0000000000000001, RDI=0x0000000000000000
R8 =0x0000000000000002, R9 =0xfffffffffffff63c, R10=0x0000000000000038, R11=0x8101010101010100
R12=0xffffffff80efe9c0, R13=0x0000000000000001, R14=0x0000000000000001, R15=0x0000000000000000
RIP=0x0000000180003990, EFLAGS=0x0000000000010206

Top of Stack: (sp=0x000000f8ff8fe8d0)
0x000000f8ff8fe8d0:   0000000000000000 000000f8ff8feaa8
0x000000f8ff8fe8e0:   0000000000000001 0000000000000000
0x000000f8ff8fe8f0:   000002642ff54000 00000000ffffffff
0x000000f8ff8fe900:   0000000000000001 0000000000000000
0x000000f8ff8fe910:   000002642ff54340 0000000000000001
0x000000f8ff8fe920:   000000f8ff8feaa8 000000018000535a
0x000000f8ff8fe930:   0000026450748500 000000f8ff8feaa8
0x000000f8ff8fe940:   0000000000000001 0000026450748500
0x000000f8ff8fe950:   0000026400000001 000000f8ffffffff
0x000000f8ff8fe960:   000000f8ff8feab0 000002642ff54000
0x000000f8ff8fe970:   000002642e696480 00007ffee576ae53
0x000000f8ff8fe980:   000000f8ff8ff380 00000000000003d9
0x000000f8ff8fe990:   00000000000003d9 00000000000003d9
0x000000f8ff8fe9a0:   000002645109e318 00002fd23ee52a7f
0x000000f8ff8fe9b0:   000000f8ff8feab0 000002645109e310
0x000000f8ff8fe9c0:   0000000000000000 00000264382b9840 

Instructions: (pc=0x0000000180003990)
0x0000000180003970:   00 44 8b fb 8b fb e8 95 fe ff ff 8b ac 24 88 00
0x0000000180003980:   00 00 44 8b b4 24 80 00 00 00 4c 63 e0 41 8b f6
0x0000000180003990:   45 8b 6c 24 08 41 89 5c 24 08 85 ed 78 09 ff 15
0x00000001800039a0:   5c 36 01 00 44 8b f8 45 85 f6 7e 4d 0f 1f 40 00 



---------------  P R O C E S S  ---------------

Threads class SMR info:
_java_thread_list=0x00000264508d46b0, length=16, elements={
0x000002642ff54000, 0x000002644f68e000, 0x000002644f697000, 0x0000026450021800,
0x0000026450022800, 0x000002644f6a5800, 0x000002644f6a9000, 0x000002644ffd8800,
0x0000026450185000, 0x0000026450191800, 0x00000264504ed800, 0x000002645018f800,
0x000002645051f000, 0x00000264505c8000, 0x000002645079e000, 0x00000264504ea000
}

Java Threads: ( => current thread )
=>0x000002642ff54000 JavaThread "main" [_thread_in_native, id=11576, stack(0x000000f8ff800000,0x000000f8ff900000)]
  0x000002644f68e000 JavaThread "Reference Handler" daemon [_thread_blocked, id=5064, stack(0x000000f8fff00000,0x000000f900000000)]
  0x000002644f697000 JavaThread "Finalizer" daemon [_thread_blocked, id=25592, stack(0x000000f880000000,0x000000f880100000)]
  0x0000026450021800 JavaThread "Signal Dispatcher" daemon [_thread_blocked, id=10300, stack(0x000000f880100000,0x000000f880200000)]
  0x0000026450022800 JavaThread "Attach Listener" daemon [_thread_blocked, id=20556, stack(0x000000f880200000,0x000000f880300000)]
  0x000002644f6a5800 JavaThread "C2 CompilerThread0" daemon [_thread_blocked, id=12368, stack(0x000000f880300000,0x000000f880400000)]
  0x000002644f6a9000 JavaThread "C1 CompilerThread0" daemon [_thread_blocked, id=25492, stack(0x000000f880400000,0x000000f880500000)]
  0x000002644ffd8800 JavaThread "Sweeper thread" daemon [_thread_blocked, id=24728, stack(0x000000f880500000,0x000000f880600000)]
  0x0000026450185000 JavaThread "Service Thread" daemon [_thread_blocked, id=22052, stack(0x000000f880600000,0x000000f880700000)]
  0x0000026450191800 JavaThread "Common-Cleaner" daemon [_thread_blocked, id=26464, stack(0x000000f880800000,0x000000f880900000)]
  0x00000264504ed800 JavaThread "Java2D Disposer" daemon [_thread_blocked, id=20608, stack(0x000000f880900000,0x000000f880a00000)]
  0x000002645018f800 JavaThread "AWT-Shutdown" [_thread_blocked, id=16140, stack(0x000000f880a00000,0x000000f880b00000)]
  0x000002645051f000 JavaThread "AWT-Windows" daemon [_thread_in_native, id=17660, stack(0x000000f880b00000,0x000000f880c00000)]
  0x00000264505c8000 JavaThread "AWT-EventQueue-0" [_thread_blocked, id=23444, stack(0x000000f880c00000,0x000000f880d00000)]
  0x000002645079e000 JavaThread "C2 CompilerThread1" daemon [_thread_blocked, id=12740, stack(0x000000f880d00000,0x000000f880e00000)]
  0x00000264504ea000 JavaThread "Thread-0" [_thread_in_native, id=20620, stack(0x000000f880e00000,0x000000f880f00000)]

Other Threads:
  0x000002644f669800 VMThread "VM Thread" [stack: 0x000000f8ffe00000,0x000000f8fff00000] [id=26524]
  0x0000026450188000 WatcherThread [stack: 0x000000f880700000,0x000000f880800000] [id=24220]
  0x000002642ff6a000 GCTaskThread "GC Thread#0" [stack: 0x000000f8ff900000,0x000000f8ffa00000] [id=3136]
  0x000002642ff9b800 ConcurrentGCThread "G1 Main Marker" [stack: 0x000000f8ffa00000,0x000000f8ffb00000] [id=18660]
  0x000002642ff9d800 ConcurrentGCThread "G1 Conc#0" [stack: 0x000000f8ffb00000,0x000000f8ffc00000] [id=10748]
  0x000002643002b000 ConcurrentGCThread "G1 Refine#0" [stack: 0x000000f8ffc00000,0x000000f8ffd00000] [id=15532]
  0x000002643002c000 ConcurrentGCThread "G1 Young RemSet Sampling" [stack: 0x000000f8ffd00000,0x000000f8ffe00000] [id=25696]

Threads with active compile tasks:

VM state:not at safepoint (normal execution)

VM Mutex/Monitor currently owned by a thread: None

Heap address: 0x0000000083000000, size: 2000 MB, Compressed Oops mode: 32-bit
Narrow klass base: 0x0000000000000000, Narrow klass shift: 3
Compressed class space size: 1073741824 Address: 0x0000000100000000

Heap:
 garbage-first heap   total 129024K, used 16384K [0x0000000083000000, 0x0000000100000000)
  region size 1024K, 12 young (12288K), 0 survivors (0K)
 Metaspace       used 14287K, capacity 14626K, committed 14848K, reserved 1062912K
  class space    used 1483K, capacity 1675K, committed 1792K, reserved 1048576K
Heap Regions: E=young(eden), S=young(survivor), O=old, HS=humongous(starts), HC=humongous(continues), CS=collection set, F=free, A=archive, TAMS=top-at-mark-start (previous, next)
|   0|0x0000000083000000, 0x0000000083100000, 0x0000000083100000|100%|HS|  |TAMS 0x0000000083000000, 0x0000000083000000| Complete 
|   1|0x0000000083100000, 0x0000000083200000, 0x0000000083200000|100%|HC|  |TAMS 0x0000000083100000, 0x0000000083100000| Complete 
|   2|0x0000000083200000, 0x0000000083300000, 0x0000000083300000|100%|HS|  |TAMS 0x0000000083200000, 0x0000000083200000| Complete 
|   3|0x0000000083300000, 0x0000000083400000, 0x0000000083400000|100%|HC|  |TAMS 0x0000000083300000, 0x0000000083300000| Complete 
|   4|0x0000000083400000, 0x0000000083500000, 0x0000000083500000|100%|HC|  |TAMS 0x0000000083400000, 0x0000000083400000| Complete 
|   5|0x0000000083500000, 0x0000000083500000, 0x0000000083600000|  0%| F|  |TAMS 0x0000000083500000, 0x0000000083500000| Untracked 
|   6|0x0000000083600000, 0x0000000083600000, 0x0000000083700000|  0%| F|  |TAMS 0x0000000083600000, 0x0000000083600000| Untracked 
|   7|0x0000000083700000, 0x0000000083700000, 0x0000000083800000|  0%| F|  |TAMS 0x0000000083700000, 0x0000000083700000| Untracked 
|   8|0x0000000083800000, 0x0000000083800000, 0x0000000083900000|  0%| F|  |TAMS 0x0000000083800000, 0x0000000083800000| Untracked 
|   9|0x0000000083900000, 0x0000000083900000, 0x0000000083a00000|  0%| F|  |TAMS 0x0000000083900000, 0x0000000083900000| Untracked 
|  10|0x0000000083a00000, 0x0000000083a00000, 0x0000000083b00000|  0%| F|  |TAMS 0x0000000083a00000, 0x0000000083a00000| Untracked 
|  11|0x0000000083b00000, 0x0000000083b00000, 0x0000000083c00000|  0%| F|  |TAMS 0x0000000083b00000, 0x0000000083b00000| Untracked 
|  12|0x0000000083c00000, 0x0000000083c00000, 0x0000000083d00000|  0%| F|  |TAMS 0x0000000083c00000, 0x0000000083c00000| Untracked 
|  13|0x0000000083d00000, 0x0000000083d00000, 0x0000000083e00000|  0%| F|  |TAMS 0x0000000083d00000, 0x0000000083d00000| Untracked 
|  14|0x0000000083e00000, 0x0000000083e00000, 0x0000000083f00000|  0%| F|  |TAMS 0x0000000083e00000, 0x0000000083e00000| Untracked 
|  15|0x0000000083f00000, 0x0000000083f00000, 0x0000000084000000|  0%| F|  |TAMS 0x0000000083f00000, 0x0000000083f00000| Untracked 
|  16|0x0000000084000000, 0x0000000084000000, 0x0000000084100000|  0%| F|  |TAMS 0x0000000084000000, 0x0000000084000000| Untracked 
|  17|0x0000000084100000, 0x0000000084100000, 0x0000000084200000|  0%| F|  |TAMS 0x0000000084100000, 0x0000000084100000| Untracked 
|  18|0x0000000084200000, 0x0000000084200000, 0x0000000084300000|  0%| F|  |TAMS 0x0000000084200000, 0x0000000084200000| Untracked 
|  19|0x0000000084300000, 0x0000000084300000, 0x0000000084400000|  0%| F|  |TAMS 0x0000000084300000, 0x0000000084300000| Untracked 
|  20|0x0000000084400000, 0x0000000084400000, 0x0000000084500000|  0%| F|  |TAMS 0x0000000084400000, 0x0000000084400000| Untracked 
|  21|0x0000000084500000, 0x0000000084500000, 0x0000000084600000|  0%| F|  |TAMS 0x0000000084500000, 0x0000000084500000| Untracked 
|  22|0x0000000084600000, 0x0000000084600000, 0x0000000084700000|  0%| F|  |TAMS 0x0000000084600000, 0x0000000084600000| Untracked 
|  23|0x0000000084700000, 0x0000000084700000, 0x0000000084800000|  0%| F|  |TAMS 0x0000000084700000, 0x0000000084700000| Untracked 
|  24|0x0000000084800000, 0x0000000084800000, 0x0000000084900000|  0%| F|  |TAMS 0x0000000084800000, 0x0000000084800000| Untracked 
|  25|0x0000000084900000, 0x0000000084900000, 0x0000000084a00000|  0%| F|  |TAMS 0x0000000084900000, 0x0000000084900000| Untracked 
|  26|0x0000000084a00000, 0x0000000084a00000, 0x0000000084b00000|  0%| F|  |TAMS 0x0000000084a00000, 0x0000000084a00000| Untracked 
|  27|0x0000000084b00000, 0x0000000084b00000, 0x0000000084c00000|  0%| F|  |TAMS 0x0000000084b00000, 0x0000000084b00000| Untracked 
|  28|0x0000000084c00000, 0x0000000084c00000, 0x0000000084d00000|  0%| F|  |TAMS 0x0000000084c00000, 0x0000000084c00000| Untracked 
|  29|0x0000000084d00000, 0x0000000084d00000, 0x0000000084e00000|  0%| F|  |TAMS 0x0000000084d00000, 0x0000000084d00000| Untracked 
|  30|0x0000000084e00000, 0x0000000084e00000, 0x0000000084f00000|  0%| F|  |TAMS 0x0000000084e00000, 0x0000000084e00000| Untracked 
|  31|0x0000000084f00000, 0x0000000084f00000, 0x0000000085000000|  0%| F|  |TAMS 0x0000000084f00000, 0x0000000084f00000| Untracked 
|  32|0x0000000085000000, 0x0000000085000000, 0x0000000085100000|  0%| F|  |TAMS 0x0000000085000000, 0x0000000085000000| Untracked 
|  33|0x0000000085100000, 0x0000000085100000, 0x0000000085200000|  0%| F|  |TAMS 0x0000000085100000, 0x0000000085100000| Untracked 
|  34|0x0000000085200000, 0x0000000085200000, 0x0000000085300000|  0%| F|  |TAMS 0x0000000085200000, 0x0000000085200000| Untracked 
|  35|0x0000000085300000, 0x0000000085300000, 0x0000000085400000|  0%| F|  |TAMS 0x0000000085300000, 0x0000000085300000| Untracked 
|  36|0x0000000085400000, 0x0000000085400000, 0x0000000085500000|  0%| F|  |TAMS 0x0000000085400000, 0x0000000085400000| Untracked 
|  37|0x0000000085500000, 0x0000000085500000, 0x0000000085600000|  0%| F|  |TAMS 0x0000000085500000, 0x0000000085500000| Untracked 
|  38|0x0000000085600000, 0x0000000085600000, 0x0000000085700000|  0%| F|  |TAMS 0x0000000085600000, 0x0000000085600000| Untracked 
|  39|0x0000000085700000, 0x0000000085700000, 0x0000000085800000|  0%| F|  |TAMS 0x0000000085700000, 0x0000000085700000| Untracked 
|  40|0x0000000085800000, 0x0000000085800000, 0x0000000085900000|  0%| F|  |TAMS 0x0000000085800000, 0x0000000085800000| Untracked 
|  41|0x0000000085900000, 0x0000000085900000, 0x0000000085a00000|  0%| F|  |TAMS 0x0000000085900000, 0x0000000085900000| Untracked 
|  42|0x0000000085a00000, 0x0000000085a00000, 0x0000000085b00000|  0%| F|  |TAMS 0x0000000085a00000, 0x0000000085a00000| Untracked 
|  43|0x0000000085b00000, 0x0000000085b00000, 0x0000000085c00000|  0%| F|  |TAMS 0x0000000085b00000, 0x0000000085b00000| Untracked 
|  44|0x0000000085c00000, 0x0000000085c00000, 0x0000000085d00000|  0%| F|  |TAMS 0x0000000085c00000, 0x0000000085c00000| Untracked 
|  45|0x0000000085d00000, 0x0000000085d00000, 0x0000000085e00000|  0%| F|  |TAMS 0x0000000085d00000, 0x0000000085d00000| Untracked 
|  46|0x0000000085e00000, 0x0000000085e00000, 0x0000000085f00000|  0%| F|  |TAMS 0x0000000085e00000, 0x0000000085e00000| Untracked 
|  47|0x0000000085f00000, 0x0000000085f00000, 0x0000000086000000|  0%| F|  |TAMS 0x0000000085f00000, 0x0000000085f00000| Untracked 
|  48|0x0000000086000000, 0x0000000086000000, 0x0000000086100000|  0%| F|  |TAMS 0x0000000086000000, 0x0000000086000000| Untracked 
|  49|0x0000000086100000, 0x0000000086100000, 0x0000000086200000|  0%| F|  |TAMS 0x0000000086100000, 0x0000000086100000| Untracked 
|  50|0x0000000086200000, 0x0000000086200000, 0x0000000086300000|  0%| F|  |TAMS 0x0000000086200000, 0x0000000086200000| Untracked 
|  51|0x0000000086300000, 0x0000000086300000, 0x0000000086400000|  0%| F|  |TAMS 0x0000000086300000, 0x0000000086300000| Untracked 
|  52|0x0000000086400000, 0x0000000086400000, 0x0000000086500000|  0%| F|  |TAMS 0x0000000086400000, 0x0000000086400000| Untracked 
|  53|0x0000000086500000, 0x0000000086500000, 0x0000000086600000|  0%| F|  |TAMS 0x0000000086500000, 0x0000000086500000| Untracked 
|  54|0x0000000086600000, 0x0000000086600000, 0x0000000086700000|  0%| F|  |TAMS 0x0000000086600000, 0x0000000086600000| Untracked 
|  55|0x0000000086700000, 0x0000000086700000, 0x0000000086800000|  0%| F|  |TAMS 0x0000000086700000, 0x0000000086700000| Untracked 
|  56|0x0000000086800000, 0x0000000086800000, 0x0000000086900000|  0%| F|  |TAMS 0x0000000086800000, 0x0000000086800000| Untracked 
|  57|0x0000000086900000, 0x0000000086900000, 0x0000000086a00000|  0%| F|  |TAMS 0x0000000086900000, 0x0000000086900000| Untracked 
|  58|0x0000000086a00000, 0x0000000086a00000, 0x0000000086b00000|  0%| F|  |TAMS 0x0000000086a00000, 0x0000000086a00000| Untracked 
|  59|0x0000000086b00000, 0x0000000086b00000, 0x0000000086c00000|  0%| F|  |TAMS 0x0000000086b00000, 0x0000000086b00000| Untracked 
|  60|0x0000000086c00000, 0x0000000086c00000, 0x0000000086d00000|  0%| F|  |TAMS 0x0000000086c00000, 0x0000000086c00000| Untracked 
|  61|0x0000000086d00000, 0x0000000086d00000, 0x0000000086e00000|  0%| F|  |TAMS 0x0000000086d00000, 0x0000000086d00000| Untracked 
|  62|0x0000000086e00000, 0x0000000086e00000, 0x0000000086f00000|  0%| F|  |TAMS 0x0000000086e00000, 0x0000000086e00000| Untracked 
|  63|0x0000000086f00000, 0x0000000086f00000, 0x0000000087000000|  0%| F|  |TAMS 0x0000000086f00000, 0x0000000086f00000| Untracked 
|  64|0x0000000087000000, 0x0000000087000000, 0x0000000087100000|  0%| F|  |TAMS 0x0000000087000000, 0x0000000087000000| Untracked 
|  65|0x0000000087100000, 0x0000000087100000, 0x0000000087200000|  0%| F|  |TAMS 0x0000000087100000, 0x0000000087100000| Untracked 
|  66|0x0000000087200000, 0x0000000087200000, 0x0000000087300000|  0%| F|  |TAMS 0x0000000087200000, 0x0000000087200000| Untracked 
|  67|0x0000000087300000, 0x0000000087300000, 0x0000000087400000|  0%| F|  |TAMS 0x0000000087300000, 0x0000000087300000| Untracked 
|  68|0x0000000087400000, 0x0000000087400000, 0x0000000087500000|  0%| F|  |TAMS 0x0000000087400000, 0x0000000087400000| Untracked 
|  69|0x0000000087500000, 0x0000000087500000, 0x0000000087600000|  0%| F|  |TAMS 0x0000000087500000, 0x0000000087500000| Untracked 
|  70|0x0000000087600000, 0x0000000087600000, 0x0000000087700000|  0%| F|  |TAMS 0x0000000087600000, 0x0000000087600000| Untracked 
|  71|0x0000000087700000, 0x0000000087700000, 0x0000000087800000|  0%| F|  |TAMS 0x0000000087700000, 0x0000000087700000| Untracked 
|  72|0x0000000087800000, 0x0000000087800000, 0x0000000087900000|  0%| F|  |TAMS 0x0000000087800000, 0x0000000087800000| Untracked 
|  73|0x0000000087900000, 0x0000000087900000, 0x0000000087a00000|  0%| F|  |TAMS 0x0000000087900000, 0x0000000087900000| Untracked 
|  74|0x0000000087a00000, 0x0000000087a00000, 0x0000000087b00000|  0%| F|  |TAMS 0x0000000087a00000, 0x0000000087a00000| Untracked 
|  75|0x0000000087b00000, 0x0000000087b00000, 0x0000000087c00000|  0%| F|  |TAMS 0x0000000087b00000, 0x0000000087b00000| Untracked 
|  76|0x0000000087c00000, 0x0000000087c00000, 0x0000000087d00000|  0%| F|  |TAMS 0x0000000087c00000, 0x0000000087c00000| Untracked 
|  77|0x0000000087d00000, 0x0000000087d00000, 0x0000000087e00000|  0%| F|  |TAMS 0x0000000087d00000, 0x0000000087d00000| Untracked 
|  78|0x0000000087e00000, 0x0000000087e00000, 0x0000000087f00000|  0%| F|  |TAMS 0x0000000087e00000, 0x0000000087e00000| Untracked 
|  79|0x0000000087f00000, 0x0000000087f00000, 0x0000000088000000|  0%| F|  |TAMS 0x0000000087f00000, 0x0000000087f00000| Untracked 
|  80|0x0000000088000000, 0x0000000088000000, 0x0000000088100000|  0%| F|  |TAMS 0x0000000088000000, 0x0000000088000000| Untracked 
|  81|0x0000000088100000, 0x0000000088100000, 0x0000000088200000|  0%| F|  |TAMS 0x0000000088100000, 0x0000000088100000| Untracked 
|  82|0x0000000088200000, 0x0000000088200000, 0x0000000088300000|  0%| F|  |TAMS 0x0000000088200000, 0x0000000088200000| Untracked 
|  83|0x0000000088300000, 0x0000000088300000, 0x0000000088400000|  0%| F|  |TAMS 0x0000000088300000, 0x0000000088300000| Untracked 
|  84|0x0000000088400000, 0x0000000088400000, 0x0000000088500000|  0%| F|  |TAMS 0x0000000088400000, 0x0000000088400000| Untracked 
|  85|0x0000000088500000, 0x0000000088500000, 0x0000000088600000|  0%| F|  |TAMS 0x0000000088500000, 0x0000000088500000| Untracked 
|  86|0x0000000088600000, 0x0000000088600000, 0x0000000088700000|  0%| F|  |TAMS 0x0000000088600000, 0x0000000088600000| Untracked 
|  87|0x0000000088700000, 0x0000000088700000, 0x0000000088800000|  0%| F|  |TAMS 0x0000000088700000, 0x0000000088700000| Untracked 
|  88|0x0000000088800000, 0x0000000088800000, 0x0000000088900000|  0%| F|  |TAMS 0x0000000088800000, 0x0000000088800000| Untracked 
|  89|0x0000000088900000, 0x0000000088900000, 0x0000000088a00000|  0%| F|  |TAMS 0x0000000088900000, 0x0000000088900000| Untracked 
|  90|0x0000000088a00000, 0x0000000088a00000, 0x0000000088b00000|  0%| F|  |TAMS 0x0000000088a00000, 0x0000000088a00000| Untracked 
|  91|0x0000000088b00000, 0x0000000088b00000, 0x0000000088c00000|  0%| F|  |TAMS 0x0000000088b00000, 0x0000000088b00000| Untracked 
|  92|0x0000000088c00000, 0x0000000088c00000, 0x0000000088d00000|  0%| F|  |TAMS 0x0000000088c00000, 0x0000000088c00000| Untracked 
|  93|0x0000000088d00000, 0x0000000088d00000, 0x0000000088e00000|  0%| F|  |TAMS 0x0000000088d00000, 0x0000000088d00000| Untracked 
|  94|0x0000000088e00000, 0x0000000088e00000, 0x0000000088f00000|  0%| F|  |TAMS 0x0000000088e00000, 0x0000000088e00000| Untracked 
|  95|0x0000000088f00000, 0x0000000088f00000, 0x0000000089000000|  0%| F|  |TAMS 0x0000000088f00000, 0x0000000088f00000| Untracked 
|  96|0x0000000089000000, 0x0000000089000000, 0x0000000089100000|  0%| F|  |TAMS 0x0000000089000000, 0x0000000089000000| Untracked 
|  97|0x0000000089100000, 0x0000000089100000, 0x0000000089200000|  0%| F|  |TAMS 0x0000000089100000, 0x0000000089100000| Untracked 
|  98|0x0000000089200000, 0x0000000089200000, 0x0000000089300000|  0%| F|  |TAMS 0x0000000089200000, 0x0000000089200000| Untracked 
|  99|0x0000000089300000, 0x0000000089300000, 0x0000000089400000|  0%| F|  |TAMS 0x0000000089300000, 0x0000000089300000| Untracked 
| 100|0x0000000089400000, 0x0000000089400000, 0x0000000089500000|  0%| F|  |TAMS 0x0000000089400000, 0x0000000089400000| Untracked 
| 101|0x0000000089500000, 0x0000000089500000, 0x0000000089600000|  0%| F|  |TAMS 0x0000000089500000, 0x0000000089500000| Untracked 
| 102|0x0000000089600000, 0x0000000089600000, 0x0000000089700000|  0%| F|  |TAMS 0x0000000089600000, 0x0000000089600000| Untracked 
| 103|0x0000000089700000, 0x0000000089700000, 0x0000000089800000|  0%| F|  |TAMS 0x0000000089700000, 0x0000000089700000| Untracked 
| 104|0x0000000089800000, 0x0000000089800000, 0x0000000089900000|  0%| F|  |TAMS 0x0000000089800000, 0x0000000089800000| Untracked 
| 105|0x0000000089900000, 0x0000000089900000, 0x0000000089a00000|  0%| F|  |TAMS 0x0000000089900000, 0x0000000089900000| Untracked 
| 106|0x0000000089a00000, 0x0000000089a00000, 0x0000000089b00000|  0%| F|  |TAMS 0x0000000089a00000, 0x0000000089a00000| Untracked 
| 107|0x0000000089b00000, 0x0000000089b00000, 0x0000000089c00000|  0%| F|  |TAMS 0x0000000089b00000, 0x0000000089b00000| Untracked 
| 108|0x0000000089c00000, 0x0000000089c00000, 0x0000000089d00000|  0%| F|  |TAMS 0x0000000089c00000, 0x0000000089c00000| Untracked 
| 109|0x0000000089d00000, 0x0000000089d00000, 0x0000000089e00000|  0%| F|  |TAMS 0x0000000089d00000, 0x0000000089d00000| Untracked 
| 110|0x0000000089e00000, 0x0000000089e00000, 0x0000000089f00000|  0%| F|  |TAMS 0x0000000089e00000, 0x0000000089e00000| Untracked 
| 111|0x0000000089f00000, 0x0000000089f00000, 0x000000008a000000|  0%| F|  |TAMS 0x0000000089f00000, 0x0000000089f00000| Untracked 
| 112|0x000000008a000000, 0x000000008a000000, 0x000000008a100000|  0%| F|  |TAMS 0x000000008a000000, 0x000000008a000000| Untracked 
| 113|0x000000008a100000, 0x000000008a100000, 0x000000008a200000|  0%| F|  |TAMS 0x000000008a100000, 0x000000008a100000| Untracked 
| 114|0x000000008a200000, 0x000000008a2f6458, 0x000000008a300000| 96%| E|  |TAMS 0x000000008a200000, 0x000000008a200000| Complete 
| 115|0x000000008a300000, 0x000000008a400000, 0x000000008a400000|100%| E|CS|TAMS 0x000000008a300000, 0x000000008a300000| Complete 
| 116|0x000000008a400000, 0x000000008a500000, 0x000000008a500000|100%| E|CS|TAMS 0x000000008a400000, 0x000000008a400000| Complete 
| 117|0x000000008a500000, 0x000000008a600000, 0x000000008a600000|100%| E|CS|TAMS 0x000000008a500000, 0x000000008a500000| Complete 
| 118|0x000000008a600000, 0x000000008a700000, 0x000000008a700000|100%| E|CS|TAMS 0x000000008a600000, 0x000000008a600000| Complete 
| 119|0x000000008a700000, 0x000000008a800000, 0x000000008a800000|100%| E|CS|TAMS 0x000000008a700000, 0x000000008a700000| Complete 
| 120|0x000000008a800000, 0x000000008a900000, 0x000000008a900000|100%| E|CS|TAMS 0x000000008a800000, 0x000000008a800000| Complete 
| 121|0x000000008a900000, 0x000000008aa00000, 0x000000008aa00000|100%| E|CS|TAMS 0x000000008a900000, 0x000000008a900000| Complete 
| 122|0x000000008aa00000, 0x000000008ab00000, 0x000000008ab00000|100%| E|CS|TAMS 0x000000008aa00000, 0x000000008aa00000| Complete 
| 123|0x000000008ab00000, 0x000000008ac00000, 0x000000008ac00000|100%| E|CS|TAMS 0x000000008ab00000, 0x000000008ab00000| Complete 
| 124|0x000000008ac00000, 0x000000008ad00000, 0x000000008ad00000|100%| E|CS|TAMS 0x000000008ac00000, 0x000000008ac00000| Complete 
| 125|0x000000008ad00000, 0x000000008ae00000, 0x000000008ae00000|100%| E|CS|TAMS 0x000000008ad00000, 0x000000008ad00000| Complete 

Card table byte_map: [0x0000026448320000,0x0000026448710000] _byte_map_base: 0x0000026447f08000

Marking Bits (Prev, Next): (CMBitMap*) 0x000002642ff92b88, (CMBitMap*) 0x000002642ff92bc0
 Prev Bits: [0x0000026448b00000, 0x000002644aa40000)
 Next Bits: [0x000002644aa40000, 0x000002644c980000)

Polling page: 0x0000026430030000

Metaspace:

Usage:
  Non-class:     12.65 MB capacity,    12.50 MB ( 99%) used,   107.53 KB ( <1%) free+waste,    40.13 KB ( <1%) overhead. 
      Class:      1.64 MB capacity,     1.45 MB ( 89%) used,   169.19 KB ( 10%) free+waste,    22.13 KB (  1%) overhead. 
       Both:     14.28 MB capacity,    13.95 MB ( 98%) used,   276.72 KB (  2%) free+waste,    62.25 KB ( <1%) overhead. 

Virtual space:
  Non-class space:       14.00 MB reserved,      12.75 MB ( 91%) committed 
      Class space:        1.00 GB reserved,       1.75 MB ( <1%) committed 
             Both:        1.01 GB reserved,      14.50 MB (  1%) committed 

Chunk freelists:
   Non-Class:  5.13 KB
       Class:  2.63 KB
        Both:  7.75 KB

CodeHeap 'non-profiled nmethods': size=120000Kb used=305Kb max_used=305Kb free=119694Kb
 bounds [0x000002643fd80000, 0x000002643fff0000, 0x00000264472b0000]
CodeHeap 'profiled nmethods': size=120000Kb used=1523Kb max_used=1523Kb free=118476Kb
 bounds [0x0000026438850000, 0x0000026438ac0000, 0x000002643fd80000]
CodeHeap 'non-nmethods': size=5760Kb used=1187Kb max_used=1227Kb free=4572Kb
 bounds [0x00000264382b0000, 0x0000026438520000, 0x0000026438850000]
 total_blobs=1621 nmethods=904 adapters=458
 compilation: enabled
              stopped_count=0, restarted_count=0
 full_count=0

Compilation events (10 events):
Event: 0.609 Thread 0x000002644f6a9000  895       3       java.lang.reflect.Modifier::isFinal (13 bytes)
Event: 0.609 Thread 0x000002645079e000  897       4       java.lang.invoke.MethodType::hashCode (53 bytes)
Event: 0.609 Thread 0x000002644f6a9000 nmethod 895 0x00000264389c8e90 code [0x00000264389c9040, 0x00000264389c91d8]
Event: 0.609 Thread 0x000002644f6a9000  896       3       java.lang.invoke.MethodHandleNatives::findMethodHandleType (7 bytes)
Event: 0.609 Thread 0x000002644f6a9000 nmethod 896 0x00000264389c9290 code [0x00000264389c9440, 0x00000264389c95b0]
Event: 0.611 Thread 0x000002645079e000 nmethod 897 0x000002643fdcb890 code [0x000002643fdcba40, 0x000002643fdcbbd8]
Event: 0.614 Thread 0x000002644f6a9000  900       3       java.lang.invoke.MethodTypeForm::<init> (687 bytes)
Event: 0.616 Thread 0x000002644f6a9000 nmethod 900 0x00000264389c9690 code [0x00000264389c9a60, 0x00000264389cbf10]
Event: 0.616 Thread 0x000002644f6a9000  902       3       java.awt.Component::getTreeLock (4 bytes)
Event: 0.616 Thread 0x000002644f6a9000 nmethod 902 0x00000264389ccb10 code [0x00000264389cccc0, 0x00000264389cce38]

GC Heap History (0 events):
No events

Deoptimization events (3 events):
Event: 0.072 Thread 0x000002642ff54000 Uncommon trap: reason=unstable_if action=reinterpret pc=0x000002643fd84a74 method=java.lang.String.hashCode()I @ 14 c2
Event: 0.407 Thread 0x000002642ff54000 Uncommon trap: reason=unstable_if action=reinterpret pc=0x000002643fda6d34 method=com.sun.imageio.plugins.png.PNGImageReader.paethPredictor(III)I @ 41 c2
Event: 0.592 Thread 0x000002642ff54000 Uncommon trap: reason=unstable_if action=reinterpret pc=0x000002643fdc015c method=java.lang.AbstractStringBuilder.append(Ljava/lang/String;)Ljava/lang/AbstractStringBuilder; @ 1 c2

Classes redefined (0 events):
No events

Internal exceptions (10 events):
Event: 0.523 Thread 0x000002642ff54000 Exception <a 'java/lang/NoSuchMethodError'{0x000000008a40be58}: java.lang.invoke.DirectMethodHandle$Holder.invokeStaticInit(Ljava/lang/Object;)V> (0x000000008a40be58) thrown at [t:/workspace/open/src/hotspot/share/interpreter/linkResolver.cpp, line 772]
Event: 0.546 Thread 0x000002642ff54000 Exception <a 'java/lang/NoSuchMethodError'{0x000000008a34bd30}: java.lang.invoke.DirectMethodHandle$Holder.invokeStatic(Ljava/lang/Object;Ljava/lang/Object;Ljava/lang/Object;Ljava/lang/Object;Ljava/lang/Object;Ljava/lang/Object;Ljava/lang/Object;Ljava/lan
Event: 0.548 Thread 0x000002642ff54000 Exception <a 'java/lang/NoSuchMethodError'{0x000000008a369f30}: java.lang.invoke.DirectMethodHandle$Holder.invokeStatic(Ljava/lang/Object;Ljava/lang/Object;Ljava/lang/Object;Ljava/lang/Object;Ljava/lang/Object;Ljava/lang/Object;Ljava/lang/Object;Ljava/lan
Event: 0.549 Thread 0x000002642ff54000 Exception <a 'java/lang/NoSuchMethodError'{0x000000008a3891d0}: java.lang.invoke.DirectMethodHandle$Holder.invokeStatic(Ljava/lang/Object;Ljava/lang/Object;Ljava/lang/Object;Ljava/lang/Object;Ljava/lang/Object;Ljava/lang/Object;Ljava/lang/Object;Ljava/lan
Event: 0.549 Thread 0x000002642ff54000 Exception <a 'java/lang/NoSuchMethodError'{0x000000008a395180}: java.lang.invoke.Invokers$Holder.linkToTargetMethod(Ljava/lang/Object;ILjava/lang/Object;)Ljava/lang/Object;> (0x000000008a395180) thrown at [t:/workspace/open/src/hotspot/share/interpreter/l
Event: 0.592 Thread 0x000002642ff54000 Implicit null exception at 0x000002643fdbfbf4 to 0x000002643fdc0142
Event: 0.592 Thread 0x000002642ff54000 Exception <a 'java/io/FileNotFoundException'{0x000000008a3e8d80}> (0x000000008a3e8d80) thrown at [t:/workspace/open/src/hotspot/share/prims/jni.cpp, line 615]
Event: 0.594 Thread 0x000002642ff54000 Exception <a 'java/io/FileNotFoundException'{0x000000008a3fac28}> (0x000000008a3fac28) thrown at [t:/workspace/open/src/hotspot/share/prims/jni.cpp, line 615]
Event: 0.595 Thread 0x000002642ff54000 Exception <a 'java/io/FileNotFoundException'{0x000000008a2094a8}> (0x000000008a2094a8) thrown at [t:/workspace/open/src/hotspot/share/prims/jni.cpp, line 615]
Event: 0.597 Thread 0x000002642ff54000 Exception <a 'java/io/FileNotFoundException'{0x000000008a21ab80}> (0x000000008a21ab80) thrown at [t:/workspace/open/src/hotspot/share/prims/jni.cpp, line 615]

Events (10 events):
Event: 0.614 Executing VM operation: RevokeBias
Event: 0.614 Executing VM operation: RevokeBias done
Event: 0.614 Executing VM operation: RevokeBias
Event: 0.614 Executing VM operation: RevokeBias done
Event: 0.617 loading class java/io/BufferedReader
Event: 0.617 loading class java/io/BufferedReader done
Event: 0.617 loading class sun/nio/cs/StreamDecoder
Event: 0.617 loading class sun/nio/cs/StreamDecoder done
Event: 0.617 loading class sun/nio/cs/UTF_8$Decoder
Event: 0.617 loading class sun/nio/cs/UTF_8$Decoder done


Dynamic libraries:
0x00007ff610ef0000 - 0x00007ff610f35000 	C:\Program Files\Java\jdk-11\bin\javaw.exe
0x00007fff4a840000 - 0x00007fff4aa2d000 	C:\WINDOWS\SYSTEM32\ntdll.dll
0x00007fff498e0000 - 0x00007fff49993000 	C:\WINDOWS\System32\KERNEL32.DLL
0x00007fff475b0000 - 0x00007fff47843000 	C:\WINDOWS\System32\KERNELBASE.dll
0x00007fff4a670000 - 0x00007fff4a807000 	C:\WINDOWS\System32\USER32.dll
0x00007fff47260000 - 0x00007fff47280000 	C:\WINDOWS\System32\win32u.dll
0x00007fff4a2a0000 - 0x00007fff4a2c9000 	C:\WINDOWS\System32\GDI32.dll
0x00007fff478d0000 - 0x00007fff47a6a000 	C:\WINDOWS\System32\gdi32full.dll
0x00007fff46910000 - 0x00007fff469b0000 	C:\WINDOWS\System32\msvcp_win.dll
0x00007fff47460000 - 0x00007fff4755a000 	C:\WINDOWS\System32\ucrtbase.dll
0x00007fff2dc50000 - 0x00007fff2dec9000 	C:\WINDOWS\WinSxS\amd64_microsoft.windows.common-controls_6595b64144ccf1df_6.0.17763.557_none_05b63f68071e5b9f\COMCTL32.dll
0x00007fff4a2d0000 - 0x00007fff4a36e000 	C:\WINDOWS\System32\msvcrt.dll
0x00007fff49a00000 - 0x00007fff49d2c000 	C:\WINDOWS\System32\combase.dll
0x00007fff47a70000 - 0x00007fff47b92000 	C:\WINDOWS\System32\RPCRT4.dll
0x00007fff46a90000 - 0x00007fff46b0e000 	C:\WINDOWS\System32\bcryptPrimitives.dll
0x00007fff492d0000 - 0x00007fff492fe000 	C:\WINDOWS\System32\IMM32.DLL
0x00007fff2b240000 - 0x00007fff2b256000 	C:\Program Files\Java\jdk-11\bin\vcruntime140.dll
0x00007ffefb0e0000 - 0x00007ffefb18a000 	C:\Program Files\Java\jdk-11\bin\msvcp140.dll
0x00007ffee53e0000 - 0x00007ffee5f21000 	C:\Program Files\Java\jdk-11\bin\server\jvm.dll
0x00007fff49df0000 - 0x00007fff49e93000 	C:\WINDOWS\System32\ADVAPI32.dll
0x00007fff49110000 - 0x00007fff491ae000 	C:\WINDOWS\System32\sechost.dll
0x00007fff491b0000 - 0x00007fff491b8000 	C:\WINDOWS\System32\PSAPI.DLL
0x00007fff402f0000 - 0x00007fff402fa000 	C:\WINDOWS\SYSTEM32\VERSION.dll
0x00007fff429f0000 - 0x00007fff42a14000 	C:\WINDOWS\SYSTEM32\WINMM.dll
0x00007fff24aa0000 - 0x00007fff24aa9000 	C:\WINDOWS\SYSTEM32\WSOCK32.dll
0x00007fff4a4d0000 - 0x00007fff4a53d000 	C:\WINDOWS\System32\WS2_32.dll
0x00007fff42770000 - 0x00007fff4279d000 	C:\WINDOWS\SYSTEM32\winmmbase.dll
0x00007fff47560000 - 0x00007fff475aa000 	C:\WINDOWS\System32\cfgmgr32.dll
0x00007fff46840000 - 0x00007fff46851000 	C:\WINDOWS\System32\kernel.appcore.dll
0x00007fff30fb0000 - 0x00007fff30fc1000 	C:\Program Files\Java\jdk-11\bin\verify.dll
0x00007fff45250000 - 0x00007fff4543d000 	C:\WINDOWS\SYSTEM32\DBGHELP.DLL
0x00007fff20cb0000 - 0x00007fff20cda000 	C:\WINDOWS\SYSTEM32\dbgcore.DLL
0x00007fff10640000 - 0x00007fff10668000 	C:\Program Files\Java\jdk-11\bin\java.dll
0x00007fff2c3f0000 - 0x00007fff2c406000 	C:\Program Files\Java\jdk-11\bin\zip.dll
0x00007fff3c990000 - 0x00007fff3c99a000 	C:\Program Files\Java\jdk-11\bin\jimage.dll
0x00007fff47ba0000 - 0x00007fff49090000 	C:\WINDOWS\System32\SHELL32.dll
0x00007fff49d30000 - 0x00007fff49dd8000 	C:\WINDOWS\System32\shcore.dll
0x00007fff46b10000 - 0x00007fff4725a000 	C:\WINDOWS\System32\windows.storage.dll
0x00007fff468c0000 - 0x00007fff468e4000 	C:\WINDOWS\System32\profapi.dll
0x00007fff46860000 - 0x00007fff468bd000 	C:\WINDOWS\System32\powrprof.dll
0x00007fff4a1c0000 - 0x00007fff4a212000 	C:\WINDOWS\System32\shlwapi.dll
0x00007fff478b0000 - 0x00007fff478c7000 	C:\WINDOWS\System32\cryptsp.dll
0x00007fff2a8d0000 - 0x00007fff2a8e9000 	C:\Program Files\Java\jdk-11\bin\net.dll
0x00007fff38120000 - 0x00007fff38211000 	C:\WINDOWS\SYSTEM32\WINHTTP.dll
0x00007fff460c0000 - 0x00007fff46127000 	C:\WINDOWS\system32\mswsock.dll
0x00007fff137e0000 - 0x00007fff137f3000 	C:\Program Files\Java\jdk-11\bin\nio.dll
0x00007ffeec130000 - 0x00007ffeec2ce000 	C:\Program Files\Java\jdk-11\bin\awt.dll
0x00007fff4a370000 - 0x00007fff4a434000 	C:\WINDOWS\System32\OLEAUT32.dll
0x00007fff43a60000 - 0x00007fff4401e000 	C:\WINDOWS\SYSTEM32\d2d1.dll
0x00007fff44860000 - 0x00007fff448ec000 	C:\WINDOWS\SYSTEM32\apphelp.dll
0x00007fff45c80000 - 0x00007fff45cb3000 	C:\WINDOWS\system32\rsaenh.dll
0x00007fff469b0000 - 0x00007fff469d6000 	C:\WINDOWS\System32\bcrypt.dll
0x00007fff46770000 - 0x00007fff46798000 	C:\WINDOWS\SYSTEM32\USERENV.dll
0x00007fff46290000 - 0x00007fff4629c000 	C:\WINDOWS\SYSTEM32\CRYPTBASE.dll
0x00007fff45e20000 - 0x00007fff45e5d000 	C:\WINDOWS\SYSTEM32\IPHLPAPI.DLL
0x00007fff4a4c0000 - 0x00007fff4a4c8000 	C:\WINDOWS\System32\NSI.dll
0x00007fff432e0000 - 0x00007fff432f6000 	C:\WINDOWS\SYSTEM32\dhcpcsvc6.DLL
0x00007fff432c0000 - 0x00007fff432dc000 	C:\WINDOWS\SYSTEM32\dhcpcsvc.DLL
0x00007fff45e60000 - 0x00007fff45f26000 	C:\WINDOWS\SYSTEM32\DNSAPI.dll
0x00007fff44dd0000 - 0x00007fff44dfe000 	C:\WINDOWS\system32\DWMAPI.DLL
0x00007fff47280000 - 0x00007fff4745b000 	C:\WINDOWS\System32\CRYPT32.dll
0x00007fff468f0000 - 0x00007fff46902000 	C:\WINDOWS\System32\MSASN1.dll
0x00007fff44af0000 - 0x00007fff44b8c000 	C:\WINDOWS\system32\uxtheme.dll
0x00007fff2d430000 - 0x00007fff2d557000 	C:\WINDOWS\system32\opengl32.dll
0x00007fff3ef20000 - 0x00007fff3ef4c000 	C:\WINDOWS\SYSTEM32\GLU32.dll
0x00007fff49ea0000 - 0x00007fff4a00b000 	C:\WINDOWS\System32\MSCTF.dll
0x00007fff49300000 - 0x00007fff49455000 	C:\WINDOWS\System32\ole32.dll
0x00007fff03850000 - 0x00007fff038d0000 	C:\Program Files\Java\jdk-11\bin\freetype.dll
0x00007fff01420000 - 0x00007fff0148f000 	C:\Program Files\Java\jdk-11\bin\fontmanager.dll
0x00007fff30670000 - 0x00007fff30705000 	C:\WINDOWS\System32\TextInputFramework.dll
0x00007fff41040000 - 0x00007fff41362000 	C:\WINDOWS\System32\CoreUIComponents.dll
0x00007fff445c0000 - 0x00007fff446a2000 	C:\WINDOWS\System32\CoreMessaging.dll
0x00007fff45900000 - 0x00007fff45931000 	C:\WINDOWS\SYSTEM32\ntmarta.dll
0x00007fff416f0000 - 0x00007fff41843000 	C:\WINDOWS\SYSTEM32\wintypes.dll
0x0000000180000000 - 0x0000000180025000 	C:\Program Files\Java\jdk-11\bin\rxtxSerial.dll

dbghelp: loaded successfully - version: 4.0.5 - missing functions: none
symbol engine: initialized successfully - sym options: 0x614 - pdb path: .;C:\Program Files\Java\jdk-11\bin;C:\WINDOWS\SYSTEM32;C:\WINDOWS\WinSxS\amd64_microsoft.windows.common-controls_6595b64144ccf1df_6.0.17763.557_none_05b63f68071e5b9f;C:\Program Files\Java\jdk-11\bin\server

VM Arguments:
jvm_args: -Dfile.encoding=UTF-8 
java_command: projetapp.Main
java_class_path (initial): C:\Users\Florian\git\ProjetApp\main\target\classes;C:\Users\Florian\git\ProjetApp\controller\target\classes;C:\Users\Florian\git\ProjetApp\contract\target\classes;C:\Users\Florian\git\ProjetApp\view\target\classes;C:\Users\Florian\git\ProjetApp\model\target\classes;C:\Users\Florian\.m2\repository\org\rxtx\rxtx\2.2pre2\rxtx-2.2pre2.jar
Launcher Type: SUN_STANDARD

[Global flags]
     intx CICompilerCount                          = 4                                         {product} {ergonomic}
     uint ConcGCThreads                            = 3                                         {product} {ergonomic}
     uint G1ConcRefinementThreads                  = 10                                        {product} {ergonomic}
   size_t G1HeapRegionSize                         = 1048576                                   {product} {ergonomic}
    uintx GCDrainStackTargetSize                   = 64                                        {product} {ergonomic}
   size_t InitialHeapSize                          = 132120576                                 {product} {ergonomic}
   size_t MarkStackSize                            = 4194304                                   {product} {ergonomic}
   size_t MaxHeapSize                              = 2097152000                                {product} {ergonomic}
   size_t MaxNewSize                               = 1258291200                                {product} {ergonomic}
   size_t MinHeapDeltaBytes                        = 1048576                                   {product} {ergonomic}
    uintx NonNMethodCodeHeapSize                   = 5835340                                {pd product} {ergonomic}
    uintx NonProfiledCodeHeapSize                  = 122911450                              {pd product} {ergonomic}
    uintx ProfiledCodeHeapSize                     = 122911450                              {pd product} {ergonomic}
    uintx ReservedCodeCacheSize                    = 251658240                              {pd product} {ergonomic}
     bool SegmentedCodeCache                       = true                                      {product} {ergonomic}
     bool UseCompressedClassPointers               = true                                 {lp64_product} {ergonomic}
     bool UseCompressedOops                        = true                                 {lp64_product} {ergonomic}
     bool UseG1GC                                  = true                                      {product} {ergonomic}
     bool UseLargePagesIndividualAllocation        = false                                  {pd product} {ergonomic}

Logging:
Log output configuration:
 #0: stdout all=warning uptime,level,tags
 #1: stderr all=off uptime,level,tags

Environment Variables:
JAVA_HOME=C:\Program Files\Java\jdk-11
PATH=C:/Program Files/Java/jdk-11/bin/server;C:/Program Files/Java/jdk-11/bin;C:\Program Files (x86)\Intel\Intel(R) Management Engine Components\iCLS\;C:\Program Files\Intel\Intel(R) Management Engine Components\iCLS\;C:\windows\system32;C:\windows;C:\windows\System32\Wbem;C:\windows\System32\WindowsPowerShell\v1.0\;C:\Program Files (x86)\NVIDIA Corporation\PhysX\Common;C:\WINDOWS\system32;C:\WINDOWS;C:\WINDOWS\System32\Wbem;C:\WINDOWS\System32\WindowsPowerShell\v1.0\;C:\WINDOWS\System32\OpenSSH\;C:\Program Files\NVIDIA Corporation\NVIDIA NvDLISR;C:\WINDOWS\system32;C:\WINDOWS;C:\WINDOWS\System32\Wbem;C:\WINDOWS\System32\WindowsPowerShell\v1.0\;C:\WINDOWS\System32\OpenSSH\;C:\Program Files\Intel\WiFi\bin\;C:\Program Files\Common Files\Intel\WirelessCommon\;D:\Program Files (x86)\Git\cmd;C:\Program Files\Java\jdk-11\bin\;C:\Program Files\Java\maven\apache-maven-3.6.1\bin;C:\Users\Florian\AppData\Local\Microsoft\WindowsApps;C:\Users\Florian\AppData\Local\Microsoft\WindowsApps;C:\Program Files\Intel\WiFi\bin\;C:\Program Files\Common Files\Intel\WirelessCommon\;C:\Users\Florian\AppData\Local\atom\bin;C:\Program Files\Java\maven\apache-maven-3.6.1\bin;C:\Users\Florian\AppData\Local\GitHubDesktop\bin;C:\WINDOWS\System32;
USERNAME=Florian
OS=Windows_NT
PROCESSOR_IDENTIFIER=Intel64 Family 6 Model 158 Stepping 10, GenuineIntel



---------------  S Y S T E M  ---------------

OS: Windows 10 , 64 bit Build 17763 (10.0.17763.475)

CPU:total 12 (initial active 12) (6 cores per cpu, 2 threads per core) family 6 model 158 stepping 10, cmov, cx8, fxsr, mmx, sse, sse2, sse3, ssse3, sse4.1, sse4.2, popcnt, avx, avx2, aes, clmul, erms, 3dnowpref, lzcnt, ht, tsc, tscinvbit, bmi1, bmi2, adx, fma

Memory: 4k page, system-wide physical 7999M (1643M free)
TotalPageFile size 14655M (AvailPageFile size 3687M)
current process WorkingSet (physical memory assigned to process): 74M, peak: 74M
current process commit charge ("private bytes"): 229M, peak: 230M

vm_info: OpenJDK 64-Bit Server VM (11+28) for windows-amd64 JRE (11+28), built on Aug 23 2018 03:04:58 by "mach5one" with MS VC++ 15.5 (VS2017)

END.
