#
# A fatal error has been detected by the Java Runtime Environment:
#
#  EXCEPTION_ACCESS_VIOLATION (0xc0000005) at pc=0x0000000180005b00, pid=23272, tid=16296
#
# JRE version: OpenJDK Runtime Environment (11.0+28) (build 11+28)
# Java VM: OpenJDK 64-Bit Server VM (11+28, mixed mode, tiered, compressed oops, g1 gc, windows-amd64)
# Problematic frame:
# C  [rxtxSerial.dll+0x5b00]
#
# No core dump will be written. Minidumps are not enabled by default on client versions of Windows
#
# If you would like to submit a bug report, please visit:
#   http://bugreport.java.com/bugreport/crash.jsp
# The crash happened outside the Java Virtual Machine in native code.
# See problematic frame for where to report the bug.
#

---------------  S U M M A R Y ------------

Command Line: -Dfile.encoding=UTF-8 projetapp.Main

Host: Intel(R) Core(TM) i7-8750H CPU @ 2.20GHz, 12 cores, 7G,  Windows 10 , 64 bit Build 17763 (10.0.17763.475)
Time: Wed Jun 26 14:03:29 2019 Paris, Madrid (heure d?été) elapsed time: 1 seconds (0d 0h 0m 1s)

---------------  T H R E A D  ---------------

Current thread (0x000001c4359a6000):  JavaThread "main" [_thread_in_native, id=16296, stack(0x00000037e5a00000,0x00000037e5b00000)]

Stack: [0x00000037e5a00000,0x00000037e5b00000],  sp=0x00000037e5afe980,  free space=1018k
Native frames: (J=compiled Java code, j=interpreted, Vv=VM code, C=native code)
C  [rxtxSerial.dll+0x5b00]

Java frames: (J=compiled Java code, j=interpreted, Vv=VM code)
j  gnu.io.RXTXPort.readArray([BII)I+0
j  gnu.io.RXTXPort$SerialInputStream.read([BII)I+212
j  sun.nio.cs.StreamDecoder.readBytes()I+135 java.base@11
j  sun.nio.cs.StreamDecoder.implRead([CII)I+112 java.base@11
j  sun.nio.cs.StreamDecoder.read([CII)I+180 java.base@11
j  java.io.InputStreamReader.read([CII)I+7 java.base@11
j  java.io.BufferedReader.fill()V+145 java.base@11
j  java.io.BufferedReader.readLine(Z)Ljava/lang/String;+44 java.base@11
j  java.io.BufferedReader.readLine()Ljava/lang/String;+2 java.base@11
j  projetapp.Controller.start()V+181
j  projetapp.Main.main([Ljava/lang/String;)V+33
v  ~StubRoutines::call_stub

siginfo: EXCEPTION_ACCESS_VIOLATION (0xc0000005), reading address 0xffffffffe70fecf8


Register to memory mapping:

RIP=0x0000000180005b00 rxtxSerial.dll
RAX=0x0000000000000001 is an unknown value
RBX=0x0 is NULL
RCX=0x000000018001d4d5 rxtxSerial.dll
RDX=0xfffffffffffff665 is an unknown value
RSP=0x00000037e5afe980 is pointing into the stack for thread: 0x000001c4359a6000
RBP=
[error occurred during error reporting (printing register info), id 0xc0000005, EXCEPTION_ACCESS_VIOLATION (0xc0000005) at pc=0x00007ffeed7e3836]

Registers:
RAX=0x0000000000000001, RBX=0x0000000000000000, RCX=0x000000018001d4d5, RDX=0xfffffffffffff665
RSP=0x00000037e5afe980, RBP=0x00000000ffffffff, RSI=0x0000000000000000, RDI=0x000001c4359a6340
R8 =0x0000000000000002, R9 =0xfffffffffffff63c, R10=0x0000000000000036, R11=0x8101010101010100
R12=0xffffffffe70fecf0, R13=0x0000000000000001, R14=0x00000037e5afeb68, R15=0x0000000000000000
RIP=0x0000000180005b00, EFLAGS=0x0000000000010202

Top of Stack: (sp=0x00000037e5afe980)
0x00000037e5afe980:   0000000000000000 0000000000000000
0x00000037e5afe990:   0000000000000000 000001c4359a6340
0x00000037e5afe9a0:   0000000000000000 00000037e5afeb68
0x00000037e5afe9b0:   000001c4562de360 0000000000000001
0x00000037e5afe9c0:   000001c4359a6340 0000000000000001
0x00000037e5afe9d0:   ffffffffffffffff 0000000180006211
0x00000037e5afe9e0:   000001c45598df40 ffffffffffffffff
0x00000037e5afe9f0:   0000000000000001 000001c45598df40
0x00000037e5afea00:   000001c400000001 00007ffeffffffff
0x00000037e5afea10:   00000037e5afeb70 00000037e5afeb70
0x00000037e5afea20:   000001c4562de360 000001c4359a6000
0x00000037e5afea30:   000001c4337a6de0 00007ffeed87ae53
0x00000037e5afea40:   00000037e5aff440 00000000000003cd
0x00000037e5afea50:   00000000000003cd 00002ecc814a2e2e
0x00000037e5afea60:   000001c4562de368 000001c4562de360
0x00000037e5afea70:   000001c4359a6000 00000037e5afeb70 

Instructions: (pc=0x0000000180005b00)
0x0000000180005ae0:   15 23 7a 01 00 48 8d 48 60 e8 3a 5d 00 00 4c 8b
0x0000000180005af0:   e5 8b ac 24 88 00 00 00 44 8b ac 24 80 00 00 00
0x0000000180005b00:   45 8b 74 24 08 41 89 5c 24 08 41 8b fd 85 ed 78
0x0000000180005b10:   09 ff 15 e9 14 01 00 44 8b f8 45 85 ed 7e 4a 90 



---------------  P R O C E S S  ---------------

Threads class SMR info:
_java_thread_list=0x000001c455740a90, length=16, elements={
0x000001c4359a6000, 0x000001c4548cc800, 0x000001c4548d5800, 0x000001c455262000,
0x000001c455263000, 0x000001c4548e7000, 0x000001c4548ee000, 0x000001c455219000,
0x000001c4553df000, 0x000001c4553e3800, 0x000001c4556f8000, 0x000001c455753800,
0x000001c4553d3800, 0x000001c45585b000, 0x000001c45577b000, 0x000001c4571f7000
}

Java Threads: ( => current thread )
=>0x000001c4359a6000 JavaThread "main" [_thread_in_native, id=16296, stack(0x00000037e5a00000,0x00000037e5b00000)]
  0x000001c4548cc800 JavaThread "Reference Handler" daemon [_thread_blocked, id=2500, stack(0x00000037e6100000,0x00000037e6200000)]
  0x000001c4548d5800 JavaThread "Finalizer" daemon [_thread_blocked, id=1932, stack(0x00000037e6200000,0x00000037e6300000)]
  0x000001c455262000 JavaThread "Signal Dispatcher" daemon [_thread_blocked, id=22944, stack(0x00000037e6300000,0x00000037e6400000)]
  0x000001c455263000 JavaThread "Attach Listener" daemon [_thread_blocked, id=13828, stack(0x00000037e6400000,0x00000037e6500000)]
  0x000001c4548e7000 JavaThread "C2 CompilerThread0" daemon [_thread_blocked, id=15988, stack(0x00000037e6500000,0x00000037e6600000)]
  0x000001c4548ee000 JavaThread "C1 CompilerThread0" daemon [_thread_blocked, id=3688, stack(0x00000037e6600000,0x00000037e6700000)]
  0x000001c455219000 JavaThread "Sweeper thread" daemon [_thread_blocked, id=428, stack(0x00000037e6700000,0x00000037e6800000)]
  0x000001c4553df000 JavaThread "Service Thread" daemon [_thread_blocked, id=21212, stack(0x00000037e6800000,0x00000037e6900000)]
  0x000001c4553e3800 JavaThread "Common-Cleaner" daemon [_thread_blocked, id=19736, stack(0x00000037e6a00000,0x00000037e6b00000)]
  0x000001c4556f8000 JavaThread "Java2D Disposer" daemon [_thread_blocked, id=14492, stack(0x00000037e6b00000,0x00000037e6c00000)]
  0x000001c455753800 JavaThread "AWT-Shutdown" [_thread_blocked, id=7704, stack(0x00000037e6c00000,0x00000037e6d00000)]
  0x000001c4553d3800 JavaThread "AWT-Windows" daemon [_thread_in_native, id=21368, stack(0x00000037e6d00000,0x00000037e6e00000)]
  0x000001c45585b000 JavaThread "C2 CompilerThread1" daemon [_thread_blocked, id=7000, stack(0x00000037e6e00000,0x00000037e6f00000)]
  0x000001c45577b000 JavaThread "AWT-EventQueue-0" [_thread_blocked, id=19404, stack(0x00000037e6f00000,0x00000037e7000000)]
  0x000001c4571f7000 JavaThread "Thread-0" [_thread_in_native, id=8152, stack(0x00000037e7000000,0x00000037e7100000)]

Other Threads:
  0x000001c4548a8000 VMThread "VM Thread" [stack: 0x00000037e6000000,0x00000037e6100000] [id=5584]
  0x000001c4553e2800 WatcherThread [stack: 0x00000037e6900000,0x00000037e6a00000] [id=19900]
  0x000001c4359bd000 GCTaskThread "GC Thread#0" [stack: 0x00000037e5b00000,0x00000037e5c00000] [id=11584]
  0x000001c4359ed000 ConcurrentGCThread "G1 Main Marker" [stack: 0x00000037e5c00000,0x00000037e5d00000] [id=20568]
  0x000001c4359ef800 ConcurrentGCThread "G1 Conc#0" [stack: 0x00000037e5d00000,0x00000037e5e00000] [id=19316]
  0x000001c454712800 ConcurrentGCThread "G1 Refine#0" [stack: 0x00000037e5e00000,0x00000037e5f00000] [id=11856]
  0x000001c435a7b800 ConcurrentGCThread "G1 Young RemSet Sampling" [stack: 0x00000037e5f00000,0x00000037e6000000] [id=20380]

Threads with active compile tasks:

VM state:not at safepoint (normal execution)

VM Mutex/Monitor currently owned by a thread: None

Heap address: 0x0000000083000000, size: 2000 MB, Compressed Oops mode: 32-bit
Narrow klass base: 0x0000000000000000, Narrow klass shift: 3
Compressed class space size: 1073741824 Address: 0x0000000100000000

Heap:
 garbage-first heap   total 129024K, used 16384K [0x0000000083000000, 0x0000000100000000)
  region size 1024K, 12 young (12288K), 0 survivors (0K)
 Metaspace       used 14278K, capacity 14626K, committed 14848K, reserved 1062912K
  class space    used 1482K, capacity 1675K, committed 1792K, reserved 1048576K
Heap Regions: E=young(eden), S=young(survivor), O=old, HS=humongous(starts), HC=humongous(continues), CS=collection set, F=free, A=archive, TAMS=top-at-mark-start (previous, next)
|   0|0x0000000083000000, 0x0000000083100000, 0x0000000083100000|100%|HS|  |TAMS 0x0000000083000000, 0x0000000083000000| Complete 
|   1|0x0000000083100000, 0x0000000083200000, 0x0000000083200000|100%|HC|  |TAMS 0x0000000083100000, 0x0000000083100000| Complete 
|   2|0x0000000083200000, 0x0000000083300000, 0x0000000083300000|100%|HS|  |TAMS 0x0000000083200000, 0x0000000083200000| Complete 
|   3|0x0000000083300000, 0x0000000083400000, 0x0000000083400000|100%|HC|  |TAMS 0x0000000083300000, 0x0000000083300000| Complete 
|   4|0x0000000083400000, 0x0000000083500000, 0x0000000083500000|100%|HC|  |TAMS 0x0000000083400000, 0x0000000083400000| Complete 
|   5|0x0000000083500000, 0x0000000083500000, 0x0000000083600000|  0%| F|  |TAMS 0x0000000083500000, 0x0000000083500000| Untracked 
|   6|0x0000000083600000, 0x0000000083600000, 0x0000000083700000|  0%| F|  |TAMS 0x0000000083600000, 0x0000000083600000| Untracked 
|   7|0x0000000083700000, 0x0000000083700000, 0x0000000083800000|  0%| F|  |TAMS 0x0000000083700000, 0x0000000083700000| Untracked 
|   8|0x0000000083800000, 0x0000000083800000, 0x0000000083900000|  0%| F|  |TAMS 0x0000000083800000, 0x0000000083800000| Untracked 
|   9|0x0000000083900000, 0x0000000083900000, 0x0000000083a00000|  0%| F|  |TAMS 0x0000000083900000, 0x0000000083900000| Untracked 
|  10|0x0000000083a00000, 0x0000000083a00000, 0x0000000083b00000|  0%| F|  |TAMS 0x0000000083a00000, 0x0000000083a00000| Untracked 
|  11|0x0000000083b00000, 0x0000000083b00000, 0x0000000083c00000|  0%| F|  |TAMS 0x0000000083b00000, 0x0000000083b00000| Untracked 
|  12|0x0000000083c00000, 0x0000000083c00000, 0x0000000083d00000|  0%| F|  |TAMS 0x0000000083c00000, 0x0000000083c00000| Untracked 
|  13|0x0000000083d00000, 0x0000000083d00000, 0x0000000083e00000|  0%| F|  |TAMS 0x0000000083d00000, 0x0000000083d00000| Untracked 
|  14|0x0000000083e00000, 0x0000000083e00000, 0x0000000083f00000|  0%| F|  |TAMS 0x0000000083e00000, 0x0000000083e00000| Untracked 
|  15|0x0000000083f00000, 0x0000000083f00000, 0x0000000084000000|  0%| F|  |TAMS 0x0000000083f00000, 0x0000000083f00000| Untracked 
|  16|0x0000000084000000, 0x0000000084000000, 0x0000000084100000|  0%| F|  |TAMS 0x0000000084000000, 0x0000000084000000| Untracked 
|  17|0x0000000084100000, 0x0000000084100000, 0x0000000084200000|  0%| F|  |TAMS 0x0000000084100000, 0x0000000084100000| Untracked 
|  18|0x0000000084200000, 0x0000000084200000, 0x0000000084300000|  0%| F|  |TAMS 0x0000000084200000, 0x0000000084200000| Untracked 
|  19|0x0000000084300000, 0x0000000084300000, 0x0000000084400000|  0%| F|  |TAMS 0x0000000084300000, 0x0000000084300000| Untracked 
|  20|0x0000000084400000, 0x0000000084400000, 0x0000000084500000|  0%| F|  |TAMS 0x0000000084400000, 0x0000000084400000| Untracked 
|  21|0x0000000084500000, 0x0000000084500000, 0x0000000084600000|  0%| F|  |TAMS 0x0000000084500000, 0x0000000084500000| Untracked 
|  22|0x0000000084600000, 0x0000000084600000, 0x0000000084700000|  0%| F|  |TAMS 0x0000000084600000, 0x0000000084600000| Untracked 
|  23|0x0000000084700000, 0x0000000084700000, 0x0000000084800000|  0%| F|  |TAMS 0x0000000084700000, 0x0000000084700000| Untracked 
|  24|0x0000000084800000, 0x0000000084800000, 0x0000000084900000|  0%| F|  |TAMS 0x0000000084800000, 0x0000000084800000| Untracked 
|  25|0x0000000084900000, 0x0000000084900000, 0x0000000084a00000|  0%| F|  |TAMS 0x0000000084900000, 0x0000000084900000| Untracked 
|  26|0x0000000084a00000, 0x0000000084a00000, 0x0000000084b00000|  0%| F|  |TAMS 0x0000000084a00000, 0x0000000084a00000| Untracked 
|  27|0x0000000084b00000, 0x0000000084b00000, 0x0000000084c00000|  0%| F|  |TAMS 0x0000000084b00000, 0x0000000084b00000| Untracked 
|  28|0x0000000084c00000, 0x0000000084c00000, 0x0000000084d00000|  0%| F|  |TAMS 0x0000000084c00000, 0x0000000084c00000| Untracked 
|  29|0x0000000084d00000, 0x0000000084d00000, 0x0000000084e00000|  0%| F|  |TAMS 0x0000000084d00000, 0x0000000084d00000| Untracked 
|  30|0x0000000084e00000, 0x0000000084e00000, 0x0000000084f00000|  0%| F|  |TAMS 0x0000000084e00000, 0x0000000084e00000| Untracked 
|  31|0x0000000084f00000, 0x0000000084f00000, 0x0000000085000000|  0%| F|  |TAMS 0x0000000084f00000, 0x0000000084f00000| Untracked 
|  32|0x0000000085000000, 0x0000000085000000, 0x0000000085100000|  0%| F|  |TAMS 0x0000000085000000, 0x0000000085000000| Untracked 
|  33|0x0000000085100000, 0x0000000085100000, 0x0000000085200000|  0%| F|  |TAMS 0x0000000085100000, 0x0000000085100000| Untracked 
|  34|0x0000000085200000, 0x0000000085200000, 0x0000000085300000|  0%| F|  |TAMS 0x0000000085200000, 0x0000000085200000| Untracked 
|  35|0x0000000085300000, 0x0000000085300000, 0x0000000085400000|  0%| F|  |TAMS 0x0000000085300000, 0x0000000085300000| Untracked 
|  36|0x0000000085400000, 0x0000000085400000, 0x0000000085500000|  0%| F|  |TAMS 0x0000000085400000, 0x0000000085400000| Untracked 
|  37|0x0000000085500000, 0x0000000085500000, 0x0000000085600000|  0%| F|  |TAMS 0x0000000085500000, 0x0000000085500000| Untracked 
|  38|0x0000000085600000, 0x0000000085600000, 0x0000000085700000|  0%| F|  |TAMS 0x0000000085600000, 0x0000000085600000| Untracked 
|  39|0x0000000085700000, 0x0000000085700000, 0x0000000085800000|  0%| F|  |TAMS 0x0000000085700000, 0x0000000085700000| Untracked 
|  40|0x0000000085800000, 0x0000000085800000, 0x0000000085900000|  0%| F|  |TAMS 0x0000000085800000, 0x0000000085800000| Untracked 
|  41|0x0000000085900000, 0x0000000085900000, 0x0000000085a00000|  0%| F|  |TAMS 0x0000000085900000, 0x0000000085900000| Untracked 
|  42|0x0000000085a00000, 0x0000000085a00000, 0x0000000085b00000|  0%| F|  |TAMS 0x0000000085a00000, 0x0000000085a00000| Untracked 
|  43|0x0000000085b00000, 0x0000000085b00000, 0x0000000085c00000|  0%| F|  |TAMS 0x0000000085b00000, 0x0000000085b00000| Untracked 
|  44|0x0000000085c00000, 0x0000000085c00000, 0x0000000085d00000|  0%| F|  |TAMS 0x0000000085c00000, 0x0000000085c00000| Untracked 
|  45|0x0000000085d00000, 0x0000000085d00000, 0x0000000085e00000|  0%| F|  |TAMS 0x0000000085d00000, 0x0000000085d00000| Untracked 
|  46|0x0000000085e00000, 0x0000000085e00000, 0x0000000085f00000|  0%| F|  |TAMS 0x0000000085e00000, 0x0000000085e00000| Untracked 
|  47|0x0000000085f00000, 0x0000000085f00000, 0x0000000086000000|  0%| F|  |TAMS 0x0000000085f00000, 0x0000000085f00000| Untracked 
|  48|0x0000000086000000, 0x0000000086000000, 0x0000000086100000|  0%| F|  |TAMS 0x0000000086000000, 0x0000000086000000| Untracked 
|  49|0x0000000086100000, 0x0000000086100000, 0x0000000086200000|  0%| F|  |TAMS 0x0000000086100000, 0x0000000086100000| Untracked 
|  50|0x0000000086200000, 0x0000000086200000, 0x0000000086300000|  0%| F|  |TAMS 0x0000000086200000, 0x0000000086200000| Untracked 
|  51|0x0000000086300000, 0x0000000086300000, 0x0000000086400000|  0%| F|  |TAMS 0x0000000086300000, 0x0000000086300000| Untracked 
|  52|0x0000000086400000, 0x0000000086400000, 0x0000000086500000|  0%| F|  |TAMS 0x0000000086400000, 0x0000000086400000| Untracked 
|  53|0x0000000086500000, 0x0000000086500000, 0x0000000086600000|  0%| F|  |TAMS 0x0000000086500000, 0x0000000086500000| Untracked 
|  54|0x0000000086600000, 0x0000000086600000, 0x0000000086700000|  0%| F|  |TAMS 0x0000000086600000, 0x0000000086600000| Untracked 
|  55|0x0000000086700000, 0x0000000086700000, 0x0000000086800000|  0%| F|  |TAMS 0x0000000086700000, 0x0000000086700000| Untracked 
|  56|0x0000000086800000, 0x0000000086800000, 0x0000000086900000|  0%| F|  |TAMS 0x0000000086800000, 0x0000000086800000| Untracked 
|  57|0x0000000086900000, 0x0000000086900000, 0x0000000086a00000|  0%| F|  |TAMS 0x0000000086900000, 0x0000000086900000| Untracked 
|  58|0x0000000086a00000, 0x0000000086a00000, 0x0000000086b00000|  0%| F|  |TAMS 0x0000000086a00000, 0x0000000086a00000| Untracked 
|  59|0x0000000086b00000, 0x0000000086b00000, 0x0000000086c00000|  0%| F|  |TAMS 0x0000000086b00000, 0x0000000086b00000| Untracked 
|  60|0x0000000086c00000, 0x0000000086c00000, 0x0000000086d00000|  0%| F|  |TAMS 0x0000000086c00000, 0x0000000086c00000| Untracked 
|  61|0x0000000086d00000, 0x0000000086d00000, 0x0000000086e00000|  0%| F|  |TAMS 0x0000000086d00000, 0x0000000086d00000| Untracked 
|  62|0x0000000086e00000, 0x0000000086e00000, 0x0000000086f00000|  0%| F|  |TAMS 0x0000000086e00000, 0x0000000086e00000| Untracked 
|  63|0x0000000086f00000, 0x0000000086f00000, 0x0000000087000000|  0%| F|  |TAMS 0x0000000086f00000, 0x0000000086f00000| Untracked 
|  64|0x0000000087000000, 0x0000000087000000, 0x0000000087100000|  0%| F|  |TAMS 0x0000000087000000, 0x0000000087000000| Untracked 
|  65|0x0000000087100000, 0x0000000087100000, 0x0000000087200000|  0%| F|  |TAMS 0x0000000087100000, 0x0000000087100000| Untracked 
|  66|0x0000000087200000, 0x0000000087200000, 0x0000000087300000|  0%| F|  |TAMS 0x0000000087200000, 0x0000000087200000| Untracked 
|  67|0x0000000087300000, 0x0000000087300000, 0x0000000087400000|  0%| F|  |TAMS 0x0000000087300000, 0x0000000087300000| Untracked 
|  68|0x0000000087400000, 0x0000000087400000, 0x0000000087500000|  0%| F|  |TAMS 0x0000000087400000, 0x0000000087400000| Untracked 
|  69|0x0000000087500000, 0x0000000087500000, 0x0000000087600000|  0%| F|  |TAMS 0x0000000087500000, 0x0000000087500000| Untracked 
|  70|0x0000000087600000, 0x0000000087600000, 0x0000000087700000|  0%| F|  |TAMS 0x0000000087600000, 0x0000000087600000| Untracked 
|  71|0x0000000087700000, 0x0000000087700000, 0x0000000087800000|  0%| F|  |TAMS 0x0000000087700000, 0x0000000087700000| Untracked 
|  72|0x0000000087800000, 0x0000000087800000, 0x0000000087900000|  0%| F|  |TAMS 0x0000000087800000, 0x0000000087800000| Untracked 
|  73|0x0000000087900000, 0x0000000087900000, 0x0000000087a00000|  0%| F|  |TAMS 0x0000000087900000, 0x0000000087900000| Untracked 
|  74|0x0000000087a00000, 0x0000000087a00000, 0x0000000087b00000|  0%| F|  |TAMS 0x0000000087a00000, 0x0000000087a00000| Untracked 
|  75|0x0000000087b00000, 0x0000000087b00000, 0x0000000087c00000|  0%| F|  |TAMS 0x0000000087b00000, 0x0000000087b00000| Untracked 
|  76|0x0000000087c00000, 0x0000000087c00000, 0x0000000087d00000|  0%| F|  |TAMS 0x0000000087c00000, 0x0000000087c00000| Untracked 
|  77|0x0000000087d00000, 0x0000000087d00000, 0x0000000087e00000|  0%| F|  |TAMS 0x0000000087d00000, 0x0000000087d00000| Untracked 
|  78|0x0000000087e00000, 0x0000000087e00000, 0x0000000087f00000|  0%| F|  |TAMS 0x0000000087e00000, 0x0000000087e00000| Untracked 
|  79|0x0000000087f00000, 0x0000000087f00000, 0x0000000088000000|  0%| F|  |TAMS 0x0000000087f00000, 0x0000000087f00000| Untracked 
|  80|0x0000000088000000, 0x0000000088000000, 0x0000000088100000|  0%| F|  |TAMS 0x0000000088000000, 0x0000000088000000| Untracked 
|  81|0x0000000088100000, 0x0000000088100000, 0x0000000088200000|  0%| F|  |TAMS 0x0000000088100000, 0x0000000088100000| Untracked 
|  82|0x0000000088200000, 0x0000000088200000, 0x0000000088300000|  0%| F|  |TAMS 0x0000000088200000, 0x0000000088200000| Untracked 
|  83|0x0000000088300000, 0x0000000088300000, 0x0000000088400000|  0%| F|  |TAMS 0x0000000088300000, 0x0000000088300000| Untracked 
|  84|0x0000000088400000, 0x0000000088400000, 0x0000000088500000|  0%| F|  |TAMS 0x0000000088400000, 0x0000000088400000| Untracked 
|  85|0x0000000088500000, 0x0000000088500000, 0x0000000088600000|  0%| F|  |TAMS 0x0000000088500000, 0x0000000088500000| Untracked 
|  86|0x0000000088600000, 0x0000000088600000, 0x0000000088700000|  0%| F|  |TAMS 0x0000000088600000, 0x0000000088600000| Untracked 
|  87|0x0000000088700000, 0x0000000088700000, 0x0000000088800000|  0%| F|  |TAMS 0x0000000088700000, 0x0000000088700000| Untracked 
|  88|0x0000000088800000, 0x0000000088800000, 0x0000000088900000|  0%| F|  |TAMS 0x0000000088800000, 0x0000000088800000| Untracked 
|  89|0x0000000088900000, 0x0000000088900000, 0x0000000088a00000|  0%| F|  |TAMS 0x0000000088900000, 0x0000000088900000| Untracked 
|  90|0x0000000088a00000, 0x0000000088a00000, 0x0000000088b00000|  0%| F|  |TAMS 0x0000000088a00000, 0x0000000088a00000| Untracked 
|  91|0x0000000088b00000, 0x0000000088b00000, 0x0000000088c00000|  0%| F|  |TAMS 0x0000000088b00000, 0x0000000088b00000| Untracked 
|  92|0x0000000088c00000, 0x0000000088c00000, 0x0000000088d00000|  0%| F|  |TAMS 0x0000000088c00000, 0x0000000088c00000| Untracked 
|  93|0x0000000088d00000, 0x0000000088d00000, 0x0000000088e00000|  0%| F|  |TAMS 0x0000000088d00000, 0x0000000088d00000| Untracked 
|  94|0x0000000088e00000, 0x0000000088e00000, 0x0000000088f00000|  0%| F|  |TAMS 0x0000000088e00000, 0x0000000088e00000| Untracked 
|  95|0x0000000088f00000, 0x0000000088f00000, 0x0000000089000000|  0%| F|  |TAMS 0x0000000088f00000, 0x0000000088f00000| Untracked 
|  96|0x0000000089000000, 0x0000000089000000, 0x0000000089100000|  0%| F|  |TAMS 0x0000000089000000, 0x0000000089000000| Untracked 
|  97|0x0000000089100000, 0x0000000089100000, 0x0000000089200000|  0%| F|  |TAMS 0x0000000089100000, 0x0000000089100000| Untracked 
|  98|0x0000000089200000, 0x0000000089200000, 0x0000000089300000|  0%| F|  |TAMS 0x0000000089200000, 0x0000000089200000| Untracked 
|  99|0x0000000089300000, 0x0000000089300000, 0x0000000089400000|  0%| F|  |TAMS 0x0000000089300000, 0x0000000089300000| Untracked 
| 100|0x0000000089400000, 0x0000000089400000, 0x0000000089500000|  0%| F|  |TAMS 0x0000000089400000, 0x0000000089400000| Untracked 
| 101|0x0000000089500000, 0x0000000089500000, 0x0000000089600000|  0%| F|  |TAMS 0x0000000089500000, 0x0000000089500000| Untracked 
| 102|0x0000000089600000, 0x0000000089600000, 0x0000000089700000|  0%| F|  |TAMS 0x0000000089600000, 0x0000000089600000| Untracked 
| 103|0x0000000089700000, 0x0000000089700000, 0x0000000089800000|  0%| F|  |TAMS 0x0000000089700000, 0x0000000089700000| Untracked 
| 104|0x0000000089800000, 0x0000000089800000, 0x0000000089900000|  0%| F|  |TAMS 0x0000000089800000, 0x0000000089800000| Untracked 
| 105|0x0000000089900000, 0x0000000089900000, 0x0000000089a00000|  0%| F|  |TAMS 0x0000000089900000, 0x0000000089900000| Untracked 
| 106|0x0000000089a00000, 0x0000000089a00000, 0x0000000089b00000|  0%| F|  |TAMS 0x0000000089a00000, 0x0000000089a00000| Untracked 
| 107|0x0000000089b00000, 0x0000000089b00000, 0x0000000089c00000|  0%| F|  |TAMS 0x0000000089b00000, 0x0000000089b00000| Untracked 
| 108|0x0000000089c00000, 0x0000000089c00000, 0x0000000089d00000|  0%| F|  |TAMS 0x0000000089c00000, 0x0000000089c00000| Untracked 
| 109|0x0000000089d00000, 0x0000000089d00000, 0x0000000089e00000|  0%| F|  |TAMS 0x0000000089d00000, 0x0000000089d00000| Untracked 
| 110|0x0000000089e00000, 0x0000000089e00000, 0x0000000089f00000|  0%| F|  |TAMS 0x0000000089e00000, 0x0000000089e00000| Untracked 
| 111|0x0000000089f00000, 0x0000000089f00000, 0x000000008a000000|  0%| F|  |TAMS 0x0000000089f00000, 0x0000000089f00000| Untracked 
| 112|0x000000008a000000, 0x000000008a000000, 0x000000008a100000|  0%| F|  |TAMS 0x000000008a000000, 0x000000008a000000| Untracked 
| 113|0x000000008a100000, 0x000000008a100000, 0x000000008a200000|  0%| F|  |TAMS 0x000000008a100000, 0x000000008a100000| Untracked 
| 114|0x000000008a200000, 0x000000008a2f6458, 0x000000008a300000| 96%| E|  |TAMS 0x000000008a200000, 0x000000008a200000| Complete 
| 115|0x000000008a300000, 0x000000008a400000, 0x000000008a400000|100%| E|CS|TAMS 0x000000008a300000, 0x000000008a300000| Complete 
| 116|0x000000008a400000, 0x000000008a500000, 0x000000008a500000|100%| E|CS|TAMS 0x000000008a400000, 0x000000008a400000| Complete 
| 117|0x000000008a500000, 0x000000008a600000, 0x000000008a600000|100%| E|CS|TAMS 0x000000008a500000, 0x000000008a500000| Complete 
| 118|0x000000008a600000, 0x000000008a700000, 0x000000008a700000|100%| E|CS|TAMS 0x000000008a600000, 0x000000008a600000| Complete 
| 119|0x000000008a700000, 0x000000008a800000, 0x000000008a800000|100%| E|CS|TAMS 0x000000008a700000, 0x000000008a700000| Complete 
| 120|0x000000008a800000, 0x000000008a900000, 0x000000008a900000|100%| E|CS|TAMS 0x000000008a800000, 0x000000008a800000| Complete 
| 121|0x000000008a900000, 0x000000008aa00000, 0x000000008aa00000|100%| E|CS|TAMS 0x000000008a900000, 0x000000008a900000| Complete 
| 122|0x000000008aa00000, 0x000000008ab00000, 0x000000008ab00000|100%| E|CS|TAMS 0x000000008aa00000, 0x000000008aa00000| Complete 
| 123|0x000000008ab00000, 0x000000008ac00000, 0x000000008ac00000|100%| E|CS|TAMS 0x000000008ab00000, 0x000000008ab00000| Complete 
| 124|0x000000008ac00000, 0x000000008ad00000, 0x000000008ad00000|100%| E|CS|TAMS 0x000000008ac00000, 0x000000008ac00000| Complete 
| 125|0x000000008ad00000, 0x000000008ae00000, 0x000000008ae00000|100%| E|CS|TAMS 0x000000008ad00000, 0x000000008ad00000| Complete 

Card table byte_map: [0x000001c44d5f0000,0x000001c44d9e0000] _byte_map_base: 0x000001c44d1d8000

Marking Bits (Prev, Next): (CMBitMap*) 0x000001c4359e4888, (CMBitMap*) 0x000001c4359e48c0
 Prev Bits: [0x000001c44ddd0000, 0x000001c44fd10000)
 Next Bits: [0x000001c44fd10000, 0x000001c451c50000)

Polling page: 0x000001c435160000

Metaspace:

Usage:
  Non-class:     12.65 MB capacity,    12.50 MB ( 99%) used,   115.73 KB ( <1%) free+waste,    40.13 KB ( <1%) overhead. 
      Class:      1.64 MB capacity,     1.45 MB ( 89%) used,   169.95 KB ( 10%) free+waste,    22.13 KB (  1%) overhead. 
       Both:     14.28 MB capacity,    13.94 MB ( 98%) used,   285.68 KB (  2%) free+waste,    62.25 KB ( <1%) overhead. 

Virtual space:
  Non-class space:       14.00 MB reserved,      12.75 MB ( 91%) committed 
      Class space:        1.00 GB reserved,       1.75 MB ( <1%) committed 
             Both:        1.01 GB reserved,      14.50 MB (  1%) committed 

Chunk freelists:
   Non-Class:  5.13 KB
       Class:  2.63 KB
        Both:  7.75 KB

CodeHeap 'non-profiled nmethods': size=120000Kb used=309Kb max_used=309Kb free=119691Kb
 bounds [0x000001c445780000, 0x000001c4459f0000, 0x000001c44ccb0000]
CodeHeap 'profiled nmethods': size=120000Kb used=1543Kb max_used=1543Kb free=118456Kb
 bounds [0x000001c43e250000, 0x000001c43e4c0000, 0x000001c445780000]
CodeHeap 'non-nmethods': size=5760Kb used=1187Kb max_used=1210Kb free=4572Kb
 bounds [0x000001c43dcb0000, 0x000001c43df20000, 0x000001c43e250000]
 total_blobs=1615 nmethods=896 adapters=458
 compilation: enabled
              stopped_count=0, restarted_count=0
 full_count=0

Compilation events (10 events):
Event: 1.205 Thread 0x000001c4548ee000 nmethod 885 0x000001c43e3cd690 code [0x000001c43e3cd860, 0x000001c43e3cdc10]
Event: 1.205 Thread 0x000001c4548ee000  886       3       jdk.internal.logger.SimpleConsoleLogger::effectiveLevel (17 bytes)
Event: 1.205 Thread 0x000001c4548ee000 nmethod 886 0x000001c43e3cdd10 code [0x000001c43e3cdee0, 0x000001c43e3ce150]
Event: 1.205 Thread 0x000001c4548ee000  887       3       jdk.internal.logger.SurrogateLogger::defaultPlatformLevel (4 bytes)
Event: 1.206 Thread 0x000001c4548ee000 nmethod 887 0x000001c43e3ce210 code [0x000001c43e3ce3c0, 0x000001c43e3ce538]
Event: 1.206 Thread 0x000001c4548ee000  888       1       java.util.concurrent.locks.AbstractQueuedSynchronizer::getState (5 bytes)
Event: 1.206 Thread 0x000001c4548ee000 nmethod 888 0x000001c4457cc110 code [0x000001c4457cc2c0, 0x000001c4457cc3d8]
Event: 1.206 Thread 0x000001c4548ee000  889       1       java.util.concurrent.locks.AbstractOwnableSynchronizer::setExclusiveOwnerThread (6 bytes)
Event: 1.206 Thread 0x000001c4548ee000 nmethod 889 0x000001c4457cc490 code [0x000001c4457cc640, 0x000001c4457cc798]
Event: 1.207 Thread 0x000001c45585b000 nmethod 890 0x000001c4457cc810 code [0x000001c4457cc9c0, 0x000001c4457ccb58]

GC Heap History (0 events):
No events

Deoptimization events (3 events):
Event: 0.130 Thread 0x000001c4359a6000 Uncommon trap: reason=unstable_if action=reinterpret pc=0x000001c445785270 method=java.lang.String.hashCode()I @ 14 c2
Event: 0.776 Thread 0x000001c4359a6000 Uncommon trap: reason=unstable_if action=reinterpret pc=0x000001c4457a6934 method=com.sun.imageio.plugins.png.PNGImageReader.paethPredictor(III)I @ 41 c2
Event: 1.170 Thread 0x000001c4359a6000 Uncommon trap: reason=unstable_if action=reinterpret pc=0x000001c4457c7230 method=java.lang.AbstractStringBuilder.append(Ljava/lang/String;)Ljava/lang/AbstractStringBuilder; @ 1 c2

Classes redefined (0 events):
No events

Internal exceptions (10 events):
Event: 1.028 Thread 0x000001c4359a6000 Exception <a 'java/lang/NoSuchMethodError'{0x000000008a5ff4f0}: java.lang.invoke.DirectMethodHandle$Holder.invokeStaticInit(Ljava/lang/Object;)V> (0x000000008a5ff4f0) thrown at [t:/workspace/open/src/hotspot/share/interpreter/linkResolver.cpp, line 772]
Event: 1.078 Thread 0x000001c4359a6000 Exception <a 'java/lang/NoSuchMethodError'{0x000000008a3404f8}: java.lang.invoke.DirectMethodHandle$Holder.invokeStatic(Ljava/lang/Object;Ljava/lang/Object;Ljava/lang/Object;Ljava/lang/Object;Ljava/lang/Object;Ljava/lang/Object;Ljava/lang/Object;Ljava/lan
Event: 1.080 Thread 0x000001c4359a6000 Exception <a 'java/lang/NoSuchMethodError'{0x000000008a35e6f8}: java.lang.invoke.DirectMethodHandle$Holder.invokeStatic(Ljava/lang/Object;Ljava/lang/Object;Ljava/lang/Object;Ljava/lang/Object;Ljava/lang/Object;Ljava/lang/Object;Ljava/lang/Object;Ljava/lan
Event: 1.082 Thread 0x000001c4359a6000 Exception <a 'java/lang/NoSuchMethodError'{0x000000008a37d8c8}: java.lang.invoke.DirectMethodHandle$Holder.invokeStatic(Ljava/lang/Object;Ljava/lang/Object;Ljava/lang/Object;Ljava/lang/Object;Ljava/lang/Object;Ljava/lang/Object;Ljava/lang/Object;Ljava/lan
Event: 1.083 Thread 0x000001c4359a6000 Exception <a 'java/lang/NoSuchMethodError'{0x000000008a389878}: java.lang.invoke.Invokers$Holder.linkToTargetMethod(Ljava/lang/Object;ILjava/lang/Object;)Ljava/lang/Object;> (0x000000008a389878) thrown at [t:/workspace/open/src/hotspot/share/interpreter/l
Event: 1.170 Thread 0x000001c4359a6000 Implicit null exception at 0x000001c4457c6cf4 to 0x000001c4457c721a
Event: 1.171 Thread 0x000001c4359a6000 Exception <a 'java/io/FileNotFoundException'{0x000000008a3dd418}> (0x000000008a3dd418) thrown at [t:/workspace/open/src/hotspot/share/prims/jni.cpp, line 615]
Event: 1.178 Thread 0x000001c4359a6000 Exception <a 'java/io/FileNotFoundException'{0x000000008a3ef070}> (0x000000008a3ef070) thrown at [t:/workspace/open/src/hotspot/share/prims/jni.cpp, line 615]
Event: 1.179 Thread 0x000001c4359a6000 Exception <a 'java/io/FileNotFoundException'{0x000000008a3fd6a8}> (0x000000008a3fd6a8) thrown at [t:/workspace/open/src/hotspot/share/prims/jni.cpp, line 615]
Event: 1.186 Thread 0x000001c4359a6000 Exception <a 'java/io/FileNotFoundException'{0x000000008a20f220}> (0x000000008a20f220) thrown at [t:/workspace/open/src/hotspot/share/prims/jni.cpp, line 615]

Events (10 events):
Event: 1.201 loading class java/awt/event/MouseWheelEvent done
Event: 1.202 Thread 0x000001c4571f7000 Thread added: 0x000001c4571f7000
Event: 1.203 Executing VM operation: RevokeBias
Event: 1.203 Executing VM operation: RevokeBias done
Event: 1.212 loading class java/io/BufferedReader
Event: 1.213 loading class java/io/BufferedReader done
Event: 1.213 loading class sun/nio/cs/StreamDecoder
Event: 1.213 loading class sun/nio/cs/StreamDecoder done
Event: 1.213 loading class sun/nio/cs/UTF_8$Decoder
Event: 1.213 loading class sun/nio/cs/UTF_8$Decoder done


Dynamic libraries:
0x00007ff64fdf0000 - 0x00007ff64fe35000 	C:\Program Files\Java\jdk-11\bin\javaw.exe
0x00007fff4a840000 - 0x00007fff4aa2d000 	C:\WINDOWS\SYSTEM32\ntdll.dll
0x00007fff498e0000 - 0x00007fff49993000 	C:\WINDOWS\System32\KERNEL32.DLL
0x00007fff475b0000 - 0x00007fff47843000 	C:\WINDOWS\System32\KERNELBASE.dll
0x00007fff4a670000 - 0x00007fff4a807000 	C:\WINDOWS\System32\USER32.dll
0x00007fff47260000 - 0x00007fff47280000 	C:\WINDOWS\System32\win32u.dll
0x00007fff4a2a0000 - 0x00007fff4a2c9000 	C:\WINDOWS\System32\GDI32.dll
0x00007fff478d0000 - 0x00007fff47a6a000 	C:\WINDOWS\System32\gdi32full.dll
0x00007fff46910000 - 0x00007fff469b0000 	C:\WINDOWS\System32\msvcp_win.dll
0x00007fff47460000 - 0x00007fff4755a000 	C:\WINDOWS\System32\ucrtbase.dll
0x00007fff2dc50000 - 0x00007fff2dec9000 	C:\WINDOWS\WinSxS\amd64_microsoft.windows.common-controls_6595b64144ccf1df_6.0.17763.557_none_05b63f68071e5b9f\COMCTL32.dll
0x00007fff4a2d0000 - 0x00007fff4a36e000 	C:\WINDOWS\System32\msvcrt.dll
0x00007fff49a00000 - 0x00007fff49d2c000 	C:\WINDOWS\System32\combase.dll
0x00007fff47a70000 - 0x00007fff47b92000 	C:\WINDOWS\System32\RPCRT4.dll
0x00007fff46a90000 - 0x00007fff46b0e000 	C:\WINDOWS\System32\bcryptPrimitives.dll
0x00007fff492d0000 - 0x00007fff492fe000 	C:\WINDOWS\System32\IMM32.DLL
0x00007fff2cfe0000 - 0x00007fff2cff6000 	C:\Program Files\Java\jdk-11\bin\vcruntime140.dll
0x00007fff0d5d0000 - 0x00007fff0d67a000 	C:\Program Files\Java\jdk-11\bin\msvcp140.dll
0x00007ffeed4f0000 - 0x00007ffeee031000 	C:\Program Files\Java\jdk-11\bin\server\jvm.dll
0x00007fff49df0000 - 0x00007fff49e93000 	C:\WINDOWS\System32\ADVAPI32.dll
0x00007fff49110000 - 0x00007fff491ae000 	C:\WINDOWS\System32\sechost.dll
0x00007fff491b0000 - 0x00007fff491b8000 	C:\WINDOWS\System32\PSAPI.DLL
0x00007fff402f0000 - 0x00007fff402fa000 	C:\WINDOWS\SYSTEM32\VERSION.dll
0x00007fff429f0000 - 0x00007fff42a14000 	C:\WINDOWS\SYSTEM32\WINMM.dll
0x00007fff24aa0000 - 0x00007fff24aa9000 	C:\WINDOWS\SYSTEM32\WSOCK32.dll
0x00007fff4a4d0000 - 0x00007fff4a53d000 	C:\WINDOWS\System32\WS2_32.dll
0x00007fff42770000 - 0x00007fff4279d000 	C:\WINDOWS\SYSTEM32\winmmbase.dll
0x00007fff47560000 - 0x00007fff475aa000 	C:\WINDOWS\System32\cfgmgr32.dll
0x00007fff46840000 - 0x00007fff46851000 	C:\WINDOWS\System32\kernel.appcore.dll
0x00007fff30fb0000 - 0x00007fff30fc1000 	C:\Program Files\Java\jdk-11\bin\verify.dll
0x00007fff45250000 - 0x00007fff4543d000 	C:\WINDOWS\SYSTEM32\DBGHELP.DLL
0x00007fff20cb0000 - 0x00007fff20cda000 	C:\WINDOWS\SYSTEM32\dbgcore.DLL
0x00007fff173d0000 - 0x00007fff173f8000 	C:\Program Files\Java\jdk-11\bin\java.dll
0x00007fff2c3f0000 - 0x00007fff2c406000 	C:\Program Files\Java\jdk-11\bin\zip.dll
0x00007fff3cf80000 - 0x00007fff3cf8a000 	C:\Program Files\Java\jdk-11\bin\jimage.dll
0x00007fff47ba0000 - 0x00007fff49090000 	C:\WINDOWS\System32\SHELL32.dll
0x00007fff49d30000 - 0x00007fff49dd8000 	C:\WINDOWS\System32\shcore.dll
0x00007fff46b10000 - 0x00007fff4725a000 	C:\WINDOWS\System32\windows.storage.dll
0x00007fff468c0000 - 0x00007fff468e4000 	C:\WINDOWS\System32\profapi.dll
0x00007fff46860000 - 0x00007fff468bd000 	C:\WINDOWS\System32\powrprof.dll
0x00007fff4a1c0000 - 0x00007fff4a212000 	C:\WINDOWS\System32\shlwapi.dll
0x00007fff478b0000 - 0x00007fff478c7000 	C:\WINDOWS\System32\cryptsp.dll
0x00007fff2a8d0000 - 0x00007fff2a8e9000 	C:\Program Files\Java\jdk-11\bin\net.dll
0x00007fff38120000 - 0x00007fff38211000 	C:\WINDOWS\SYSTEM32\WINHTTP.dll
0x00007fff460c0000 - 0x00007fff46127000 	C:\WINDOWS\system32\mswsock.dll
0x00007fff16ce0000 - 0x00007fff16cf3000 	C:\Program Files\Java\jdk-11\bin\nio.dll
0x00007fff00090000 - 0x00007fff0022e000 	C:\Program Files\Java\jdk-11\bin\awt.dll
0x00007fff4a370000 - 0x00007fff4a434000 	C:\WINDOWS\System32\OLEAUT32.dll
0x00007fff43a60000 - 0x00007fff4401e000 	C:\WINDOWS\SYSTEM32\d2d1.dll
0x00007fff44860000 - 0x00007fff448ec000 	C:\WINDOWS\SYSTEM32\apphelp.dll
0x00007fff45c80000 - 0x00007fff45cb3000 	C:\WINDOWS\system32\rsaenh.dll
0x00007fff469b0000 - 0x00007fff469d6000 	C:\WINDOWS\System32\bcrypt.dll
0x00007fff46770000 - 0x00007fff46798000 	C:\WINDOWS\SYSTEM32\USERENV.dll
0x00007fff46290000 - 0x00007fff4629c000 	C:\WINDOWS\SYSTEM32\CRYPTBASE.dll
0x00007fff45e20000 - 0x00007fff45e5d000 	C:\WINDOWS\SYSTEM32\IPHLPAPI.DLL
0x00007fff4a4c0000 - 0x00007fff4a4c8000 	C:\WINDOWS\System32\NSI.dll
0x00007fff432e0000 - 0x00007fff432f6000 	C:\WINDOWS\SYSTEM32\dhcpcsvc6.DLL
0x00007fff432c0000 - 0x00007fff432dc000 	C:\WINDOWS\SYSTEM32\dhcpcsvc.DLL
0x00007fff45e60000 - 0x00007fff45f26000 	C:\WINDOWS\SYSTEM32\DNSAPI.dll
0x00007fff44dd0000 - 0x00007fff44dfe000 	C:\WINDOWS\system32\DWMAPI.DLL
0x00007fff47280000 - 0x00007fff4745b000 	C:\WINDOWS\System32\CRYPT32.dll
0x00007fff468f0000 - 0x00007fff46902000 	C:\WINDOWS\System32\MSASN1.dll
0x00007fff44af0000 - 0x00007fff44b8c000 	C:\WINDOWS\system32\uxtheme.dll
0x00007fff2d430000 - 0x00007fff2d557000 	C:\WINDOWS\system32\opengl32.dll
0x00007fff3ef20000 - 0x00007fff3ef4c000 	C:\WINDOWS\SYSTEM32\GLU32.dll
0x00007fff49ea0000 - 0x00007fff4a00b000 	C:\WINDOWS\System32\MSCTF.dll
0x00007fff49300000 - 0x00007fff49455000 	C:\WINDOWS\System32\ole32.dll
0x00007fff046c0000 - 0x00007fff04740000 	C:\Program Files\Java\jdk-11\bin\freetype.dll
0x00007fff0c600000 - 0x00007fff0c66f000 	C:\Program Files\Java\jdk-11\bin\fontmanager.dll
0x00007fff30670000 - 0x00007fff30705000 	C:\WINDOWS\System32\TextInputFramework.dll
0x00007fff41040000 - 0x00007fff41362000 	C:\WINDOWS\System32\CoreUIComponents.dll
0x00007fff445c0000 - 0x00007fff446a2000 	C:\WINDOWS\System32\CoreMessaging.dll
0x00007fff45900000 - 0x00007fff45931000 	C:\WINDOWS\SYSTEM32\ntmarta.dll
0x00007fff416f0000 - 0x00007fff41843000 	C:\WINDOWS\SYSTEM32\wintypes.dll
0x0000000180000000 - 0x0000000180025000 	C:\Program Files\Java\jdk-11\bin\rxtxSerial.dll

dbghelp: loaded successfully - version: 4.0.5 - missing functions: none
symbol engine: initialized successfully - sym options: 0x614 - pdb path: .;C:\Program Files\Java\jdk-11\bin;C:\WINDOWS\SYSTEM32;C:\WINDOWS\WinSxS\amd64_microsoft.windows.common-controls_6595b64144ccf1df_6.0.17763.557_none_05b63f68071e5b9f;C:\Program Files\Java\jdk-11\bin\server

VM Arguments:
jvm_args: -Dfile.encoding=UTF-8 
java_command: projetapp.Main
java_class_path (initial): C:\Users\Florian\git\ProjetApp\main\target\classes;C:\Users\Florian\git\ProjetApp\controller\target\classes;C:\Users\Florian\git\ProjetApp\contract\target\classes;C:\Users\Florian\git\ProjetApp\view\target\classes;C:\Users\Florian\git\ProjetApp\model\target\classes;C:\Users\Florian\.m2\repository\org\rxtx\rxtx\2.2pre2\rxtx-2.2pre2.jar
Launcher Type: SUN_STANDARD

[Global flags]
     intx CICompilerCount                          = 4                                         {product} {ergonomic}
     uint ConcGCThreads                            = 3                                         {product} {ergonomic}
     uint G1ConcRefinementThreads                  = 10                                        {product} {ergonomic}
   size_t G1HeapRegionSize                         = 1048576                                   {product} {ergonomic}
    uintx GCDrainStackTargetSize                   = 64                                        {product} {ergonomic}
   size_t InitialHeapSize                          = 132120576                                 {product} {ergonomic}
   size_t MarkStackSize                            = 4194304                                   {product} {ergonomic}
   size_t MaxHeapSize                              = 2097152000                                {product} {ergonomic}
   size_t MaxNewSize                               = 1258291200                                {product} {ergonomic}
   size_t MinHeapDeltaBytes                        = 1048576                                   {product} {ergonomic}
    uintx NonNMethodCodeHeapSize                   = 5835340                                {pd product} {ergonomic}
    uintx NonProfiledCodeHeapSize                  = 122911450                              {pd product} {ergonomic}
    uintx ProfiledCodeHeapSize                     = 122911450                              {pd product} {ergonomic}
    uintx ReservedCodeCacheSize                    = 251658240                              {pd product} {ergonomic}
     bool SegmentedCodeCache                       = true                                      {product} {ergonomic}
     bool UseCompressedClassPointers               = true                                 {lp64_product} {ergonomic}
     bool UseCompressedOops                        = true                                 {lp64_product} {ergonomic}
     bool UseG1GC                                  = true                                      {product} {ergonomic}
     bool UseLargePagesIndividualAllocation        = false                                  {pd product} {ergonomic}

Logging:
Log output configuration:
 #0: stdout all=warning uptime,level,tags
 #1: stderr all=off uptime,level,tags

Environment Variables:
JAVA_HOME=C:\Program Files\Java\jdk-11
PATH=C:/Program Files/Java/jdk-11/bin/server;C:/Program Files/Java/jdk-11/bin;C:\Program Files (x86)\Intel\Intel(R) Management Engine Components\iCLS\;C:\Program Files\Intel\Intel(R) Management Engine Components\iCLS\;C:\windows\system32;C:\windows;C:\windows\System32\Wbem;C:\windows\System32\WindowsPowerShell\v1.0\;C:\Program Files (x86)\NVIDIA Corporation\PhysX\Common;C:\WINDOWS\system32;C:\WINDOWS;C:\WINDOWS\System32\Wbem;C:\WINDOWS\System32\WindowsPowerShell\v1.0\;C:\WINDOWS\System32\OpenSSH\;C:\Program Files\NVIDIA Corporation\NVIDIA NvDLISR;C:\WINDOWS\system32;C:\WINDOWS;C:\WINDOWS\System32\Wbem;C:\WINDOWS\System32\WindowsPowerShell\v1.0\;C:\WINDOWS\System32\OpenSSH\;C:\Program Files\Intel\WiFi\bin\;C:\Program Files\Common Files\Intel\WirelessCommon\;D:\Program Files (x86)\Git\cmd;C:\Program Files\Java\jdk-11\bin\;C:\Program Files\Java\maven\apache-maven-3.6.1\bin;C:\Users\Florian\AppData\Local\Microsoft\WindowsApps;C:\Users\Florian\AppData\Local\Microsoft\WindowsApps;C:\Program Files\Intel\WiFi\bin\;C:\Program Files\Common Files\Intel\WirelessCommon\;C:\Users\Florian\AppData\Local\atom\bin;C:\Program Files\Java\maven\apache-maven-3.6.1\bin;C:\Users\Florian\AppData\Local\GitHubDesktop\bin;C:\WINDOWS\System32;
USERNAME=Florian
OS=Windows_NT
PROCESSOR_IDENTIFIER=Intel64 Family 6 Model 158 Stepping 10, GenuineIntel



---------------  S Y S T E M  ---------------

OS: Windows 10 , 64 bit Build 17763 (10.0.17763.475)

CPU:total 12 (initial active 12) (6 cores per cpu, 2 threads per core) family 6 model 158 stepping 10, cmov, cx8, fxsr, mmx, sse, sse2, sse3, ssse3, sse4.1, sse4.2, popcnt, avx, avx2, aes, clmul, erms, 3dnowpref, lzcnt, ht, tsc, tscinvbit, bmi1, bmi2, adx, fma

Memory: 4k page, system-wide physical 7999M (1611M free)
TotalPageFile size 14655M (AvailPageFile size 4194M)
current process WorkingSet (physical memory assigned to process): 75M, peak: 75M
current process commit charge ("private bytes"): 229M, peak: 230M

vm_info: OpenJDK 64-Bit Server VM (11+28) for windows-amd64 JRE (11+28), built on Aug 23 2018 03:04:58 by "mach5one" with MS VC++ 15.5 (VS2017)

END.
